INFO 2020-07-19 15:17:38,835 autoreload 584 Watching for file changes with StatReloader
INFO 2020-07-19 15:21:25,345 autoreload 584 Watching for file changes with StatReloader
INFO 2020-07-19 15:22:22,566 autoreload 584 Watching for file changes with StatReloader
INFO 2020-07-19 15:22:28,167 basehttp 154 "GET /home/home/ HTTP/1.1" 200 11
INFO 2020-07-19 15:38:18,782 autoreload 584 Watching for file changes with StatReloader
WARNING 2020-07-19 15:48:08,741 log 228 Not Found: /
WARNING 2020-07-19 15:48:08,741 basehttp 154 "GET / HTTP/1.1" 404 2152
WARNING 2020-07-19 15:48:08,811 log 228 Not Found: /favicon.ico
WARNING 2020-07-19 15:48:08,811 basehttp 154 "GET /favicon.ico HTTP/1.1" 404 2203
INFO 2020-07-19 15:55:17,051 autoreload 584 Watching for file changes with StatReloader
INFO 2020-07-19 15:56:36,518 basehttp 154 "GET /home/home/ HTTP/1.1" 200 11
INFO 2020-07-19 16:01:41,055 basehttp 154 "GET /home/home/ HTTP/1.1" 200 11
INFO 2020-07-19 16:02:11,118 basehttp 154 "GET /home/home/ HTTP/1.1" 200 11
INFO 2020-07-19 16:02:11,364 basehttp 154 "GET /home/home/ HTTP/1.1" 200 11
INFO 2020-07-19 16:02:28,415 basehttp 154 "GET /home/home/ HTTP/1.1" 200 11
INFO 2020-07-19 16:02:37,175 basehttp 154 "GET /home/home/ HTTP/1.1" 200 11
INFO 2020-07-19 16:30:15,629 autoreload 584 Watching for file changes with StatReloader
WARNING 2020-07-19 16:30:18,878 log 228 Not Found: /
WARNING 2020-07-19 16:30:18,879 basehttp 154 "GET / HTTP/1.1" 404 2153
WARNING 2020-07-19 16:30:19,714 log 228 Not Found: /favicon.ico
WARNING 2020-07-19 16:30:19,715 basehttp 154 "GET /favicon.ico HTTP/1.1" 404 2204
INFO 2020-07-19 16:30:26,685 basehttp 154 "GET /xadmin HTTP/1.1" 301 0
INFO 2020-07-19 16:30:26,951 basehttp 154 "GET /xadmin/ HTTP/1.1" 200 4151
INFO 2020-07-19 16:30:26,983 basehttp 154 "GET /static/xadmin/css/xadmin.responsive.css HTTP/1.1" 200 4361
INFO 2020-07-19 16:30:26,984 basehttp 154 "GET /static/xadmin/css/xadmin.plugins.css HTTP/1.1" 200 175
INFO 2020-07-19 16:30:26,984 basehttp 154 "GET /static/xadmin/css/themes/bootstrap-xadmin.css HTTP/1.1" 200 1888
INFO 2020-07-19 16:30:26,984 basehttp 154 "GET /static/xadmin/css/xadmin.main.css HTTP/1.1" 200 8376
INFO 2020-07-19 16:30:26,988 basehttp 154 "GET /static/xadmin/vendor/font-awesome/css/font-awesome.css HTTP/1.1" 200 21658
INFO 2020-07-19 16:30:26,996 basehttp 154 "GET /static/xadmin/vendor/jquery-ui/jquery.ui.widget.js HTTP/1.1" 200 15069
INFO 2020-07-19 16:30:26,996 basehttp 154 "GET /static/xadmin/vendor/bootstrap/css/bootstrap.css HTTP/1.1" 200 126432
INFO 2020-07-19 16:30:27,003 basehttp 154 "GET /static/xadmin/vendor/jquery-ui/jquery.ui.mouse.js HTTP/1.1" 200 4561
INFO 2020-07-19 16:30:27,009 basehttp 154 "GET /static/xadmin/vendor/jquery-ui/jquery.ui.core.js HTTP/1.1" 200 8195
INFO 2020-07-19 16:30:27,012 basehttp 154 "GET /xadmin/jsi18n/ HTTP/1.1" 200 4158
INFO 2020-07-19 16:30:27,016 basehttp 154 "GET /static/xadmin/js/xadmin.main.js HTTP/1.1" 200 3401
INFO 2020-07-19 16:30:27,016 basehttp 154 "GET /static/xadmin/vendor/jquery/jquery.js HTTP/1.1" 200 240196
INFO 2020-07-19 16:30:27,017 basehttp 154 "GET /static/xadmin/js/xadmin.responsive.js HTTP/1.1" 200 4165
INFO 2020-07-19 16:30:27,018 basehttp 154 "GET /static/xadmin/vendor/bootstrap/js/bootstrap.js HTTP/1.1" 200 58327
INFO 2020-07-19 16:30:27,021 basehttp 154 "GET /static/xadmin/vendor/jquery-ui/jquery.ui.sortable.js HTTP/1.1" 200 42543
INFO 2020-07-19 16:30:27,064 basehttp 154 "GET /static/xadmin/vendor/font-awesome/fonts/fontawesome-webfont.woff?v=4.0.3 HTTP/1.1" 200 44432
INFO 2020-07-19 16:30:37,545 basehttp 154 "POST /xadmin/ HTTP/1.1" 302 0
INFO 2020-07-19 16:30:37,690 basehttp 154 "GET /xadmin/ HTTP/1.1" 200 10143
INFO 2020-07-19 16:30:37,711 basehttp 154 "GET /static/xadmin/js/xadmin.page.dashboard.js HTTP/1.1" 200 3208
INFO 2020-07-19 16:30:37,712 basehttp 154 "GET /static/xadmin/css/xadmin.page.dashboard.css HTTP/1.1" 200 790
INFO 2020-07-19 16:30:37,712 basehttp 154 "GET /static/xadmin/js/xadmin.plugin.portal.js HTTP/1.1" 200 1000
INFO 2020-07-19 16:30:37,742 basehttp 154 "GET /xadmin/jsi18n/ HTTP/1.1" 200 7722
INFO 2020-07-19 16:30:45,604 basehttp 154 "GET /xadmin/user/user/ HTTP/1.1" 200 30000
INFO 2020-07-19 16:30:45,627 basehttp 154 "GET /static/xadmin/css/xadmin.form.css HTTP/1.1" 200 3763
INFO 2020-07-19 16:30:45,644 basehttp 154 "GET /static/xadmin/js/xadmin.page.list.js HTTP/1.1" 200 1105
INFO 2020-07-19 16:30:45,644 basehttp 154 "GET /static/xadmin/js/xadmin.plugin.bookmark.js HTTP/1.1" 200 529
INFO 2020-07-19 16:30:45,645 basehttp 154 "GET /static/xadmin/js/xadmin.plugin.actions.js HTTP/1.1" 200 4198
INFO 2020-07-19 16:30:45,645 basehttp 154 "GET /static/xadmin/js/xadmin.plugin.filters.js HTTP/1.1" 200 1990
INFO 2020-07-19 16:30:45,651 basehttp 154 "GET /static/xadmin/js/xadmin.plugin.details.js HTTP/1.1" 200 2319
INFO 2020-07-19 16:30:45,655 basehttp 154 "GET /xadmin/jsi18n/ HTTP/1.1" 200 7722
INFO 2020-07-19 16:30:45,657 basehttp 154 "GET /static/xadmin/js/xadmin.page.form.js HTTP/1.1" 200 1948
INFO 2020-07-19 16:30:48,629 basehttp 154 "GET /xadmin/xadmin/log/ HTTP/1.1" 200 25880
INFO 2020-07-19 16:30:48,659 basehttp 154 "GET /static/xadmin/vendor/selectize/selectize.bootstrap3.css HTTP/1.1" 200 10602
INFO 2020-07-19 16:30:48,660 basehttp 154 "GET /static/xadmin/vendor/selectize/selectize.css HTTP/1.1" 200 8425
INFO 2020-07-19 16:30:48,660 basehttp 154 "GET /static/xadmin/vendor/bootstrap-datepicker/css/datepicker.css HTTP/1.1" 200 10225
INFO 2020-07-19 16:30:48,660 basehttp 154 "GET /static/xadmin/vendor/select2/select2.css HTTP/1.1" 200 19226
INFO 2020-07-19 16:30:48,661 basehttp 154 "GET /static/xadmin/vendor/bootstrap-datepicker/js/bootstrap-datepicker.js HTTP/1.1" 200 32656
INFO 2020-07-19 16:30:48,665 basehttp 154 "GET /static/xadmin/js/xadmin.widget.datetime.js HTTP/1.1" 200 2979
INFO 2020-07-19 16:30:48,677 basehttp 154 "GET /static/xadmin/vendor/select2/select2_locale_zh-hans.js HTTP/1.1" 200 694
INFO 2020-07-19 16:30:48,678 basehttp 154 "GET /static/xadmin/vendor/selectize/selectize.js HTTP/1.1" 200 98602
INFO 2020-07-19 16:30:48,679 basehttp 154 "GET /static/xadmin/js/xadmin.widget.select.js HTTP/1.1" 200 1344
INFO 2020-07-19 16:30:48,684 basehttp 154 "GET /static/xadmin/vendor/select2/select2.js HTTP/1.1" 200 104906
INFO 2020-07-19 16:30:48,685 basehttp 154 "GET /xadmin/jsi18n/ HTTP/1.1" 200 7722
INFO 2020-07-19 16:30:50,271 basehttp 154 "GET /xadmin/auth/group/ HTTP/1.1" 200 19364
INFO 2020-07-19 16:30:50,298 basehttp 154 "GET /xadmin/jsi18n/ HTTP/1.1" 200 7722
INFO 2020-07-19 16:30:51,505 basehttp 154 "GET /xadmin/reversion/revision/ HTTP/1.1" 200 24718
INFO 2020-07-19 16:30:51,533 basehttp 154 "GET /xadmin/jsi18n/ HTTP/1.1" 200 7722
INFO 2020-07-19 16:30:56,093 basehttp 154 "GET /xadmin/ HTTP/1.1" 200 10143
INFO 2020-07-19 16:30:56,121 basehttp 154 "GET /xadmin/jsi18n/ HTTP/1.1" 200 7722
INFO 2020-07-20 17:05:47,926 autoreload 584 Watching for file changes with StatReloader
WARNING 2020-07-20 17:05:49,366 log 228 Not Found: /
WARNING 2020-07-20 17:05:49,367 basehttp 154 "GET / HTTP/1.1" 404 2153
WARNING 2020-07-20 17:05:49,434 log 228 Not Found: /favicon.ico
WARNING 2020-07-20 17:05:49,435 basehttp 154 "GET /favicon.ico HTTP/1.1" 404 2204
INFO 2020-07-20 17:06:01,955 basehttp 154 "GET /xadmin HTTP/1.1" 301 0
INFO 2020-07-20 17:06:02,205 basehttp 154 "GET /xadmin/ HTTP/1.1" 200 11689
INFO 2020-07-20 17:06:02,257 basehttp 154 "GET /static/xadmin/css/xadmin.plugins.css HTTP/1.1" 200 175
INFO 2020-07-20 17:06:02,267 basehttp 154 "GET /static/xadmin/css/themes/bootstrap-xadmin.css HTTP/1.1" 200 1888
INFO 2020-07-20 17:06:02,268 basehttp 154 "GET /static/xadmin/css/xadmin.responsive.css HTTP/1.1" 200 4361
INFO 2020-07-20 17:06:02,268 basehttp 154 "GET /static/xadmin/css/xadmin.page.dashboard.css HTTP/1.1" 200 790
INFO 2020-07-20 17:06:02,270 basehttp 154 "GET /static/xadmin/css/xadmin.main.css HTTP/1.1" 200 8376
INFO 2020-07-20 17:06:02,279 basehttp 154 "GET /static/xadmin/vendor/bootstrap/css/bootstrap.css HTTP/1.1" 200 126432
INFO 2020-07-20 17:06:02,292 basehttp 154 "GET /static/xadmin/vendor/font-awesome/css/font-awesome.css HTTP/1.1" 200 21658
INFO 2020-07-20 17:06:02,306 basehttp 154 "GET /static/xadmin/vendor/jquery-ui/jquery.ui.mouse.js HTTP/1.1" 200 4561
INFO 2020-07-20 17:06:02,307 basehttp 154 "GET /static/xadmin/vendor/jquery-ui/jquery.ui.core.js HTTP/1.1" 200 8195
INFO 2020-07-20 17:06:02,312 basehttp 154 "GET /static/xadmin/vendor/jquery/jquery.js HTTP/1.1" 200 240196
INFO 2020-07-20 17:06:02,313 basehttp 154 "GET /static/xadmin/vendor/jquery-ui/jquery.ui.sortable.js HTTP/1.1" 200 42543
INFO 2020-07-20 17:06:02,314 basehttp 154 "GET /static/xadmin/js/xadmin.main.js HTTP/1.1" 200 3401
INFO 2020-07-20 17:06:02,325 basehttp 154 "GET /xadmin/jsi18n/ HTTP/1.1" 200 7722
INFO 2020-07-20 17:06:02,326 basehttp 154 "GET /static/xadmin/vendor/jquery-ui/jquery.ui.widget.js HTTP/1.1" 200 15069
INFO 2020-07-20 17:06:02,332 basehttp 154 "GET /static/xadmin/js/xadmin.page.dashboard.js HTTP/1.1" 200 3208
INFO 2020-07-20 17:06:02,332 basehttp 154 "GET /static/xadmin/js/xadmin.plugin.portal.js HTTP/1.1" 200 1000
INFO 2020-07-20 17:06:02,333 basehttp 154 "GET /static/xadmin/js/xadmin.responsive.js HTTP/1.1" 200 4165
INFO 2020-07-20 17:06:02,340 basehttp 154 "GET /static/xadmin/vendor/bootstrap/js/bootstrap.js HTTP/1.1" 200 58327
INFO 2020-07-20 17:06:02,412 basehttp 154 "GET /static/xadmin/vendor/font-awesome/fonts/fontawesome-webfont.woff?v=4.0.3 HTTP/1.1" 200 44432
INFO 2020-07-20 17:14:16,452 autoreload 584 Watching for file changes with StatReloader
INFO 2020-07-20 17:14:22,647 autoreload 584 Watching for file changes with StatReloader
INFO 2020-07-20 17:14:26,774 basehttp 154 "GET /xadmin/ HTTP/1.1" 200 10153
INFO 2020-07-20 17:14:26,804 basehttp 154 "GET /xadmin/jsi18n/ HTTP/1.1" 200 7722
INFO 2020-07-20 21:11:18,160 autoreload 584 Watching for file changes with StatReloader
WARNING 2020-07-20 21:11:23,963 log 228 Not Found: /
WARNING 2020-07-20 21:11:23,964 basehttp 154 "GET / HTTP/1.1" 404 2153
INFO 2020-07-20 21:11:33,806 basehttp 154 "GET /xadmin/ HTTP/1.1" 200 10879
INFO 2020-07-20 21:11:33,838 basehttp 154 "GET /static/xadmin/vendor/bootstrap/css/bootstrap.css HTTP/1.1" 304 0
INFO 2020-07-20 21:11:33,844 basehttp 154 "GET /static/xadmin/css/xadmin.main.css HTTP/1.1" 304 0
INFO 2020-07-20 21:11:33,844 basehttp 154 "GET /static/xadmin/css/xadmin.responsive.css HTTP/1.1" 304 0
INFO 2020-07-20 21:11:33,844 basehttp 154 "GET /static/xadmin/css/xadmin.page.dashboard.css HTTP/1.1" 304 0
INFO 2020-07-20 21:11:33,845 basehttp 154 "GET /static/xadmin/css/xadmin.plugins.css HTTP/1.1" 304 0
INFO 2020-07-20 21:11:33,845 basehttp 154 "GET /static/xadmin/css/themes/bootstrap-xadmin.css HTTP/1.1" 304 0
INFO 2020-07-20 21:11:33,852 basehttp 154 "GET /static/xadmin/vendor/font-awesome/css/font-awesome.css HTTP/1.1" 304 0
INFO 2020-07-20 21:11:33,853 basehttp 154 "GET /static/xadmin/vendor/jquery/jquery.js HTTP/1.1" 304 0
INFO 2020-07-20 21:11:33,854 basehttp 154 "GET /static/xadmin/vendor/jquery-ui/jquery.ui.core.js HTTP/1.1" 304 0
INFO 2020-07-20 21:11:33,854 basehttp 154 "GET /static/xadmin/vendor/jquery-ui/jquery.ui.widget.js HTTP/1.1" 304 0
INFO 2020-07-20 21:11:33,864 basehttp 154 "GET /static/xadmin/js/xadmin.responsive.js HTTP/1.1" 304 0
INFO 2020-07-20 21:11:33,866 basehttp 154 "GET /static/xadmin/vendor/bootstrap/js/bootstrap.js HTTP/1.1" 304 0
INFO 2020-07-20 21:11:33,868 basehttp 154 "GET /static/xadmin/js/xadmin.main.js HTTP/1.1" 304 0
INFO 2020-07-20 21:11:33,869 basehttp 154 "GET /static/xadmin/vendor/jquery-ui/jquery.ui.sortable.js HTTP/1.1" 304 0
INFO 2020-07-20 21:11:33,871 basehttp 154 "GET /static/xadmin/js/xadmin.plugin.portal.js HTTP/1.1" 304 0
INFO 2020-07-20 21:11:33,871 basehttp 154 "GET /static/xadmin/js/xadmin.page.dashboard.js HTTP/1.1" 304 0
INFO 2020-07-20 21:11:33,874 basehttp 154 "GET /static/xadmin/vendor/jquery-ui/jquery.ui.mouse.js HTTP/1.1" 304 0
INFO 2020-07-20 21:11:33,874 basehttp 154 "GET /xadmin/jsi18n/ HTTP/1.1" 200 7722
INFO 2020-07-20 21:11:33,954 basehttp 154 "GET /static/xadmin/vendor/font-awesome/fonts/fontawesome-webfont.woff?v=4.0.3 HTTP/1.1" 304 0
INFO 2020-07-20 21:11:54,408 basehttp 154 "GET /xadmin/home/banner/ HTTP/1.1" 200 20734
ERROR 2020-07-20 21:11:54,409 basehttp 154 "GET /xadmin/home/banner/ HTTP/1.1" 500 59
INFO 2020-07-20 21:11:54,441 basehttp 154 "GET /xadmin/home/banner/ HTTP/1.1" 200 20734
INFO 2020-07-20 21:11:54,480 basehttp 154 "GET /static/xadmin/js/xadmin.plugin.bookmark.js HTTP/1.1" 200 529
INFO 2020-07-20 21:11:54,487 basehttp 154 "GET /xadmin/jsi18n/ HTTP/1.1" 200 7722
INFO 2020-07-20 21:11:54,505 basehttp 154 "GET /static/xadmin/js/xadmin.plugin.details.js HTTP/1.1" 200 2319
INFO 2020-07-20 21:11:54,505 basehttp 154 "GET /static/xadmin/css/xadmin.form.css HTTP/1.1" 200 3763
INFO 2020-07-20 21:11:54,505 basehttp 154 "GET /static/xadmin/js/xadmin.page.form.js HTTP/1.1" 200 1948
INFO 2020-07-20 21:11:54,506 basehttp 154 "GET /static/xadmin/js/xadmin.page.list.js HTTP/1.1" 200 1105
INFO 2020-07-20 21:11:54,506 basehttp 154 "GET /static/xadmin/js/xadmin.plugin.filters.js HTTP/1.1" 200 1990
INFO 2020-07-20 21:12:30,546 basehttp 154 "GET /xadmin/home/banner/add/ HTTP/1.1" 200 16349
INFO 2020-07-20 21:12:30,584 basehttp 154 "GET /static/xadmin/vendor/bootstrap-image-gallery/css/bootstrap-image-gallery.css HTTP/1.1" 200 3339
INFO 2020-07-20 21:12:30,585 basehttp 154 "GET /static/xadmin/vendor/bootstrap-image-gallery/js/bootstrap-image-gallery.js HTTP/1.1" 200 15611
INFO 2020-07-20 21:12:30,592 basehttp 154 "GET /xadmin/jsi18n/ HTTP/1.1" 200 7722
INFO 2020-07-20 21:12:30,597 basehttp 154 "GET /static/xadmin/vendor/load-image/load-image.js HTTP/1.1" 200 8309
INFO 2020-07-20 21:14:54,360 basehttp 154 "POST /xadmin/home/banner/add/ HTTP/1.1" 302 0
INFO 2020-07-20 21:14:54,437 basehttp 154 "GET /xadmin/home/banner/add/ HTTP/1.1" 200 16694
INFO 2020-07-20 21:14:54,472 basehttp 154 "GET /xadmin/jsi18n/ HTTP/1.1" 200 7722
INFO 2020-07-20 21:15:53,403 basehttp 154 "POST /xadmin/home/banner/add/ HTTP/1.1" 302 0
INFO 2020-07-20 21:15:53,487 basehttp 154 "GET /xadmin/home/banner/add/ HTTP/1.1" 200 16694
INFO 2020-07-20 21:15:53,517 basehttp 154 "GET /xadmin/jsi18n/ HTTP/1.1" 200 7722
INFO 2020-07-20 21:16:45,035 basehttp 154 "POST /xadmin/home/banner/add/ HTTP/1.1" 302 0
INFO 2020-07-20 21:16:45,143 basehttp 154 "GET /xadmin/home/banner/ HTTP/1.1" 200 23547
INFO 2020-07-20 21:16:45,186 basehttp 154 "GET /xadmin/jsi18n/ HTTP/1.1" 200 7722
INFO 2020-07-20 21:16:45,190 basehttp 154 "GET /static/xadmin/js/xadmin.plugin.actions.js HTTP/1.1" 200 4198
INFO 2020-07-20 21:17:14,993 autoreload 211 D:\cool\luffy\luffyapi\luffyapi\apps\home\models.py changed, reloading.
INFO 2020-07-20 21:17:16,107 autoreload 584 Watching for file changes with StatReloader
INFO 2020-07-20 21:17:17,657 autoreload 211 D:\cool\luffy\luffyapi\luffyapi\apps\home\models.py changed, reloading.
INFO 2020-07-20 21:17:19,139 autoreload 584 Watching for file changes with StatReloader
INFO 2020-07-20 21:17:25,757 autoreload 211 D:\cool\luffy\luffyapi\luffyapi\apps\home\models.py changed, reloading.
INFO 2020-07-20 21:17:27,304 autoreload 584 Watching for file changes with StatReloader
WARNING 2020-07-20 21:17:44,277 log 228 Not Found: /
WARNING 2020-07-20 21:17:44,278 basehttp 154 "GET / HTTP/1.1" 404 2153
WARNING 2020-07-20 21:17:53,835 log 228 Not Found: /home
WARNING 2020-07-20 21:17:53,835 basehttp 154 "GET /home HTTP/1.1" 404 2183
INFO 2020-07-20 21:18:01,201 basehttp 154 "GET /home/banner HTTP/1.1" 301 0
ERROR 2020-07-20 21:18:01,215 excepyions 6 views:BannerView 错误是方法 “GET” 不被允许。
INFO 2020-07-20 21:18:01,320 basehttp 154 "GET /home/banner/ HTTP/1.1" 200 4063
INFO 2020-07-20 21:18:01,363 basehttp 154 "GET /static/rest_framework/js/ajax-form.js HTTP/1.1" 200 3597
INFO 2020-07-20 21:18:01,378 basehttp 154 "GET /static/rest_framework/css/prettify.css HTTP/1.1" 200 817
INFO 2020-07-20 21:18:01,379 basehttp 154 "GET /static/rest_framework/js/csrf.js HTTP/1.1" 200 1719
INFO 2020-07-20 21:18:01,387 basehttp 154 "GET /static/rest_framework/js/prettify-min.js HTTP/1.1" 200 13632
INFO 2020-07-20 21:18:01,390 basehttp 154 "GET /static/rest_framework/js/jquery-3.4.1.min.js HTTP/1.1" 200 88145
INFO 2020-07-20 21:18:01,403 basehttp 154 "GET /static/rest_framework/css/bootstrap-tweaks.css HTTP/1.1" 200 3385
INFO 2020-07-20 21:18:01,403 basehttp 154 "GET /static/rest_framework/css/default.css HTTP/1.1" 200 1131
INFO 2020-07-20 21:18:01,404 basehttp 154 "GET /static/rest_framework/js/bootstrap.min.js HTTP/1.1" 200 39680
INFO 2020-07-20 21:18:01,413 basehttp 154 "GET /static/rest_framework/css/bootstrap.min.css HTTP/1.1" 200 121457
INFO 2020-07-20 21:18:01,421 basehttp 154 "GET /static/rest_framework/js/default.js HTTP/1.1" 200 1268
INFO 2020-07-20 21:18:01,463 basehttp 154 "GET /static/rest_framework/img/grid.png HTTP/1.1" 200 1458
INFO 2020-07-20 21:19:12,517 autoreload 584 Watching for file changes with StatReloader
INFO 2020-07-20 21:19:15,190 basehttp 154 "GET /xadmin/home/banner/ HTTP/1.1" 200 23217
INFO 2020-07-20 21:19:15,247 basehttp 154 "GET /xadmin/jsi18n/ HTTP/1.1" 200 7722
ERROR 2020-07-20 21:19:28,413 excepyions 6 views:BannerView 错误是方法 “GET” 不被允许。
INFO 2020-07-20 21:19:28,425 basehttp 154 "GET /home/banner/ HTTP/1.1" 200 4063
ERROR 2020-07-20 21:19:30,433 excepyions 6 views:BannerView 错误是方法 “GET” 不被允许。
INFO 2020-07-20 21:19:30,444 basehttp 154 "GET /home/banner/ HTTP/1.1" 200 4063
INFO 2020-07-20 21:23:49,003 autoreload 584 Watching for file changes with StatReloader
WARNING 2020-07-20 21:23:51,352 log 228 Not Found: /
WARNING 2020-07-20 21:23:51,353 basehttp 154 "GET / HTTP/1.1" 404 2153
WARNING 2020-07-20 21:24:00,739 log 228 Not Found: /home
WARNING 2020-07-20 21:24:00,740 basehttp 154 "GET /home HTTP/1.1" 404 2183
ERROR 2020-07-20 21:24:04,441 excepyions 6 views:BannerView 错误是方法 “GET” 不被允许。
INFO 2020-07-20 21:24:04,481 basehttp 154 "GET /home/banner/ HTTP/1.1" 200 4063
INFO 2020-07-20 21:28:22,964 autoreload 211 D:\cool\luffy\luffyapi\luffyapi\apps\home\views.py changed, reloading.
INFO 2020-07-20 21:28:24,532 autoreload 584 Watching for file changes with StatReloader
INFO 2020-07-20 21:30:16,913 autoreload 584 Watching for file changes with StatReloader
ERROR 2020-07-20 21:30:18,082 excepyions 6 views:BannerView 错误是Cannot use ModelSerializer with Abstract Models.
INFO 2020-07-20 21:30:18,118 basehttp 154 "GET /home/banner/ HTTP/1.1" 200 5342
INFO 2020-07-20 21:31:05,585 autoreload 211 D:\cool\luffy\luffyapi\luffyapi\apps\home\views.py changed, reloading.
INFO 2020-07-20 21:31:07,185 autoreload 584 Watching for file changes with StatReloader
INFO 2020-07-20 21:32:49,398 autoreload 211 D:\cool\luffy\luffyapi\luffyapi\apps\home\views.py changed, reloading.
INFO 2020-07-20 21:32:51,005 autoreload 584 Watching for file changes with StatReloader
INFO 2020-07-20 21:32:56,141 autoreload 211 D:\cool\luffy\luffyapi\luffyapi\apps\home\views.py changed, reloading.
INFO 2020-07-20 21:32:57,682 autoreload 584 Watching for file changes with StatReloader
INFO 2020-07-20 21:33:06,808 autoreload 211 D:\cool\luffy\luffyapi\luffyapi\apps\home\views.py changed, reloading.
INFO 2020-07-20 21:33:08,338 autoreload 584 Watching for file changes with StatReloader
INFO 2020-07-20 21:33:20,199 autoreload 211 D:\cool\luffy\luffyapi\luffyapi\apps\home\views.py changed, reloading.
INFO 2020-07-20 21:33:21,727 autoreload 584 Watching for file changes with StatReloader
INFO 2020-07-20 21:35:26,174 autoreload 584 Watching for file changes with StatReloader
INFO 2020-07-20 21:36:19,008 autoreload 584 Watching for file changes with StatReloader
INFO 2020-07-20 21:36:31,335 autoreload 584 Watching for file changes with StatReloader
INFO 2020-07-20 21:37:08,883 autoreload 211 D:\cool\luffy\luffyapi\luffyapi\apps\home\urls.py changed, reloading.
INFO 2020-07-20 21:37:10,477 autoreload 584 Watching for file changes with StatReloader
INFO 2020-07-20 21:37:15,698 autoreload 211 D:\cool\luffy\luffyapi\luffyapi\apps\home\urls.py changed, reloading.
INFO 2020-07-20 21:37:17,223 autoreload 584 Watching for file changes with StatReloader
INFO 2020-07-20 21:37:22,393 autoreload 211 D:\cool\luffy\luffyapi\luffyapi\apps\home\urls.py changed, reloading.
INFO 2020-07-20 21:37:23,948 autoreload 584 Watching for file changes with StatReloader
INFO 2020-07-20 21:37:38,210 autoreload 584 Watching for file changes with StatReloader
INFO 2020-07-20 21:37:58,692 autoreload 584 Watching for file changes with StatReloader
INFO 2020-07-20 21:38:06,189 autoreload 584 Watching for file changes with StatReloader
WARNING 2020-07-20 21:38:30,254 log 228 Not Found: /
WARNING 2020-07-20 21:38:30,254 basehttp 154 "GET / HTTP/1.1" 404 2153
WARNING 2020-07-20 21:38:36,348 log 228 Not Found: /home
WARNING 2020-07-20 21:38:36,349 basehttp 154 "GET /home HTTP/1.1" 404 2183
ERROR 2020-07-20 21:38:41,293 excepyions 6 views:BannerView 错误是Cannot use ModelSerializer with Abstract Models.
INFO 2020-07-20 21:38:41,328 basehttp 154 "GET /home/banner/ HTTP/1.1" 200 5377
INFO 2020-07-20 21:40:52,817 autoreload 584 Watching for file changes with StatReloader
INFO 2020-07-20 21:40:56,268 basehttp 154 "GET /home/banner/ HTTP/1.1" 200 6044
INFO 2020-07-20 21:44:45,366 autoreload 211 D:\cool\luffy\luffyapi\luffyapi\settings\dev.py changed, reloading.
INFO 2020-07-20 21:44:46,933 autoreload 584 Watching for file changes with StatReloader
INFO 2020-07-20 21:45:05,729 autoreload 211 D:\cool\luffy\luffyapi\luffyapi\apps\home\views.py changed, reloading.
INFO 2020-07-20 21:45:07,357 autoreload 584 Watching for file changes with StatReloader
INFO 2020-07-20 21:46:12,150 autoreload 211 D:\cool\luffy\luffyapi\luffyapi\apps\home\views.py changed, reloading.
INFO 2020-07-20 21:46:13,754 autoreload 584 Watching for file changes with StatReloader
INFO 2020-07-20 21:49:29,823 autoreload 211 D:\cool\luffy\luffyapi\luffyapi\settings\dev.py changed, reloading.
INFO 2020-07-20 21:49:31,380 autoreload 584 Watching for file changes with StatReloader
INFO 2020-07-20 21:49:51,627 autoreload 211 D:\cool\luffy\luffyapi\luffyapi\settings\dev.py changed, reloading.
INFO 2020-07-20 21:49:53,234 autoreload 584 Watching for file changes with StatReloader
INFO 2020-07-20 21:51:41,679 autoreload 584 Watching for file changes with StatReloader
INFO 2020-07-20 21:51:43,553 basehttp 154 "GET /home/banner/ HTTP/1.1" 200 5772
INFO 2020-07-20 22:17:57,897 autoreload 584 Watching for file changes with StatReloader
INFO 2020-07-20 22:18:14,075 basehttp 154 "GET /home/banner HTTP/1.1" 301 0
INFO 2020-07-20 22:18:14,153 basehttp 154 "GET /home/banner/ HTTP/1.1" 200 289
INFO 2020-07-20 22:18:43,255 basehttp 154 "GET /home/banner HTTP/1.1" 301 0
INFO 2020-07-20 22:18:43,308 basehttp 154 "GET /home/banner/ HTTP/1.1" 200 289
INFO 2020-07-20 22:19:45,636 basehttp 154 "GET /home/banner/ HTTP/1.1" 200 289
WARNING 2020-07-20 22:19:55,586 log 228 Not Found: /
WARNING 2020-07-20 22:19:55,587 basehttp 154 "GET / HTTP/1.1" 404 2153
WARNING 2020-07-20 22:20:02,175 log 228 Not Found: /home
WARNING 2020-07-20 22:20:02,176 basehttp 154 "GET /home HTTP/1.1" 404 2183
WARNING 2020-07-20 22:20:10,945 log 228 Not Found: /home/hanner/
WARNING 2020-07-20 22:20:10,946 basehttp 154 "GET /home/hanner/ HTTP/1.1" 404 2330
INFO 2020-07-20 22:20:19,113 basehttp 154 "GET /home/banner/ HTTP/1.1" 200 6044
INFO 2020-07-20 22:24:01,905 autoreload 584 Watching for file changes with StatReloader
INFO 2020-07-20 22:24:20,153 basehttp 154 "GET /home/banner/ HTTP/1.1" 200 289
INFO 2020-07-20 22:27:38,472 basehttp 154 "GET /home/banner/ HTTP/1.1" 200 289
INFO 2020-07-20 22:33:18,120 basehttp 154 "GET /home/banner/ HTTP/1.1" 200 289
INFO 2020-07-20 22:33:18,145 basehttp 154 "GET /media/banner/banner1.png HTTP/1.1" 200 115271
INFO 2020-07-20 22:33:18,145 basehttp 154 "GET /media/banner/banner3.png HTTP/1.1" 200 111031
INFO 2020-07-20 22:33:18,159 basehttp 154 "GET /media/banner/banner2.png HTTP/1.1" 200 772079
INFO 2020-07-20 22:33:33,566 basehttp 154 "GET /home/banner/ HTTP/1.1" 200 289
INFO 2020-07-20 22:33:33,585 basehttp 154 "GET /media/banner/banner1.png HTTP/1.1" 200 115271
INFO 2020-07-20 22:33:33,586 basehttp 154 "GET /media/banner/banner3.png HTTP/1.1" 200 111031
INFO 2020-07-20 22:33:33,605 basehttp 154 "GET /media/banner/banner2.png HTTP/1.1" 200 772079
INFO 2020-07-20 22:33:46,014 basehttp 154 "GET /home/banner/ HTTP/1.1" 200 289
INFO 2020-07-20 22:33:46,048 basehttp 154 "GET /media/banner/banner1.png HTTP/1.1" 200 115271
INFO 2020-07-20 22:33:46,049 basehttp 154 "GET /media/banner/banner3.png HTTP/1.1" 200 111031
INFO 2020-07-20 22:33:46,078 basehttp 154 "GET /media/banner/banner2.png HTTP/1.1" 200 772079
INFO 2020-07-20 22:33:50,168 basehttp 154 "GET /home/banner/ HTTP/1.1" 200 289
INFO 2020-07-20 22:33:50,197 basehttp 154 "GET /media/banner/banner3.png HTTP/1.1" 200 111031
INFO 2020-07-20 22:33:50,198 basehttp 154 "GET /media/banner/banner1.png HTTP/1.1" 200 115271
INFO 2020-07-20 22:33:50,218 basehttp 154 "GET /media/banner/banner2.png HTTP/1.1" 200 772079
INFO 2020-07-20 22:39:09,051 basehttp 154 "GET /home/banner/ HTTP/1.1" 200 289
INFO 2020-07-20 22:39:09,094 basehttp 154 "GET /media/banner/banner1.png HTTP/1.1" 200 115271
INFO 2020-07-20 22:39:09,104 basehttp 154 "GET /media/banner/banner3.png HTTP/1.1" 200 111031
INFO 2020-07-20 22:39:09,115 basehttp 154 "GET /media/banner/banner2.png HTTP/1.1" 200 772079
INFO 2020-07-20 22:39:12,955 basehttp 154 "GET /home/banner/ HTTP/1.1" 200 289
INFO 2020-07-20 22:39:12,973 basehttp 154 "GET /media/banner/banner1.png HTTP/1.1" 200 115271
INFO 2020-07-20 22:39:12,975 basehttp 154 "GET /media/banner/banner3.png HTTP/1.1" 200 111031
INFO 2020-07-20 22:39:12,989 basehttp 154 "GET /media/banner/banner2.png HTTP/1.1" 200 772079
INFO 2020-07-20 22:39:24,779 basehttp 154 "GET /home/banner/ HTTP/1.1" 200 289
INFO 2020-07-20 22:39:24,791 basehttp 154 "GET /media/banner/banner1.png HTTP/1.1" 200 115271
INFO 2020-07-20 22:39:24,797 basehttp 154 "GET /media/banner/banner3.png HTTP/1.1" 200 111031
INFO 2020-07-20 22:39:24,808 basehttp 154 "GET /media/banner/banner2.png HTTP/1.1" 200 772079
INFO 2020-07-20 22:49:13,240 basehttp 154 "GET /home/banner/ HTTP/1.1" 200 289
INFO 2020-07-20 22:49:13,318 basehttp 154 "GET /media/banner/banner3.png HTTP/1.1" 200 111031
INFO 2020-07-20 22:49:13,318 basehttp 154 "GET /media/banner/banner1.png HTTP/1.1" 200 115271
INFO 2020-07-20 22:49:13,373 basehttp 154 "GET /media/banner/banner2.png HTTP/1.1" 200 772079
INFO 2020-07-20 22:49:21,135 basehttp 154 "GET /home/banner/ HTTP/1.1" 200 289
INFO 2020-07-20 22:49:27,758 basehttp 154 "GET /home/banner/ HTTP/1.1" 200 289
INFO 2020-07-20 22:49:34,712 basehttp 154 "GET /home/banner/ HTTP/1.1" 200 289
INFO 2020-07-20 22:51:04,496 basehttp 154 "GET /home/banner/ HTTP/1.1" 200 289
INFO 2020-07-20 22:51:04,531 basehttp 154 "GET /media/banner/banner3.png HTTP/1.1" 200 111031
INFO 2020-07-20 22:51:04,535 basehttp 154 "GET /media/banner/banner1.png HTTP/1.1" 200 115271
INFO 2020-07-20 22:51:04,545 basehttp 154 "GET /media/banner/banner2.png HTTP/1.1" 200 772079
INFO 2020-07-20 22:51:57,649 basehttp 154 "GET /home/banner/ HTTP/1.1" 200 289
INFO 2020-07-20 22:52:05,125 basehttp 154 "GET /home/banner/ HTTP/1.1" 200 289
INFO 2020-07-20 22:54:32,382 basehttp 154 "GET /home/banner/ HTTP/1.1" 200 289
INFO 2020-07-20 22:54:36,790 basehttp 154 "GET /home/banner/ HTTP/1.1" 200 289
INFO 2020-07-20 22:54:41,117 basehttp 154 "GET /home/banner/ HTTP/1.1" 200 289
INFO 2020-07-20 22:54:48,354 basehttp 154 "GET /home/banner/ HTTP/1.1" 200 289
INFO 2020-07-20 22:55:01,668 basehttp 154 "GET /home/banner/ HTTP/1.1" 200 289
INFO 2020-07-20 22:55:07,814 basehttp 154 "GET /home/banner/ HTTP/1.1" 200 289
INFO 2020-07-20 22:55:14,091 basehttp 154 "GET /home/banner/ HTTP/1.1" 200 289
INFO 2020-07-20 22:56:38,536 basehttp 154 "GET /home/banner/ HTTP/1.1" 200 289
INFO 2020-07-20 22:57:42,253 basehttp 154 "GET /home/banner/ HTTP/1.1" 200 289
INFO 2020-07-21 16:58:47,224 autoreload 584 Watching for file changes with StatReloader
WARNING 2020-07-21 17:04:04,497 log 228 Not Found: /
WARNING 2020-07-21 17:04:04,498 basehttp 154 "GET / HTTP/1.1" 404 2153
WARNING 2020-07-21 17:04:04,865 log 228 Not Found: /favicon.ico
WARNING 2020-07-21 17:04:04,865 basehttp 154 "GET /favicon.ico HTTP/1.1" 404 2204
WARNING 2020-07-21 17:04:10,114 log 228 Not Found: /
WARNING 2020-07-21 17:04:10,114 basehttp 154 "GET / HTTP/1.1" 404 2153
INFO 2020-07-21 17:04:27,954 basehttp 154 "GET /home/banner/ HTTP/1.1" 200 289
INFO 2020-07-21 17:04:28,001 basehttp 154 "GET /media/banner/banner2.png HTTP/1.1" 304 0
INFO 2020-07-21 17:04:28,002 basehttp 154 "GET /media/banner/banner3.png HTTP/1.1" 304 0
INFO 2020-07-21 17:04:28,003 basehttp 154 "GET /media/banner/banner1.png HTTP/1.1" 304 0
INFO 2020-07-21 17:06:59,554 basehttp 154 "GET /home/banner/ HTTP/1.1" 200 289
INFO 2020-07-21 17:06:59,621 basehttp 154 "GET /media/banner/banner1.png HTTP/1.1" 304 0
INFO 2020-07-21 17:06:59,621 basehttp 154 "GET /media/banner/banner2.png HTTP/1.1" 304 0
INFO 2020-07-21 17:06:59,622 basehttp 154 "GET /media/banner/banner3.png HTTP/1.1" 304 0
INFO 2020-07-21 17:16:24,981 basehttp 154 "GET /home/banner/ HTTP/1.1" 200 289
INFO 2020-07-22 17:10:20,028 autoreload 584 Watching for file changes with StatReloader
INFO 2020-07-22 17:14:20,074 basehttp 154 "GET /home/banner/ HTTP/1.1" 200 289
INFO 2020-07-22 17:14:20,134 basehttp 154 "GET /media/banner/banner2.png HTTP/1.1" 304 0
INFO 2020-07-22 17:14:20,135 basehttp 154 "GET /media/banner/banner1.png HTTP/1.1" 304 0
INFO 2020-07-22 17:14:20,137 basehttp 154 "GET /media/banner/banner3.png HTTP/1.1" 304 0
INFO 2020-07-22 17:14:26,811 basehttp 154 "GET /home/banner/ HTTP/1.1" 200 289
INFO 2020-07-22 17:14:26,892 basehttp 154 "GET /media/banner/banner1.png HTTP/1.1" 304 0
INFO 2020-07-22 17:14:26,894 basehttp 154 "GET /media/banner/banner2.png HTTP/1.1" 304 0
INFO 2020-07-22 17:14:26,896 basehttp 154 "GET /media/banner/banner3.png HTTP/1.1" 304 0
INFO 2020-07-22 18:27:23,009 autoreload 584 Watching for file changes with StatReloader
INFO 2020-07-22 18:30:44,930 basehttp 154 "GET /home/banner/ HTTP/1.1" 200 289
INFO 2020-07-22 18:30:51,473 basehttp 154 "GET /home/banner/ HTTP/1.1" 200 289
INFO 2020-07-22 19:52:18,137 autoreload 584 Watching for file changes with StatReloader
WARNING 2020-07-22 19:53:48,880 log 228 Not Found: /login/
WARNING 2020-07-22 19:53:48,881 basehttp 154 "GET /login/ HTTP/1.1" 404 2189
INFO 2020-07-22 19:55:02,518 autoreload 584 Watching for file changes with StatReloader
INFO 2020-07-22 19:55:15,753 autoreload 584 Watching for file changes with StatReloader
INFO 2020-07-22 20:02:19,992 autoreload 584 Watching for file changes with StatReloader
ERROR 2020-07-22 20:02:52,380 excepyions 6 views:LoginModelViewSet 错误是方法 “GET” 不被允许。
INFO 2020-07-22 20:02:52,387 basehttp 154 "GET /user/login/ HTTP/1.1" 200 77
ERROR 2020-07-22 20:02:57,526 excepyions 6 views:LoginModelViewSet 错误是__init__() got an unexpected keyword argument 'read_noly'
INFO 2020-07-22 20:02:57,528 basehttp 154 "POST /user/login/ HTTP/1.1" 200 91
INFO 2020-07-22 20:03:36,105 autoreload 584 Watching for file changes with StatReloader
ERROR 2020-07-22 20:03:37,479 excepyions 6 views:LoginModelViewSet 错误是May not set both `read_only` and `write_only`
INFO 2020-07-22 20:03:37,484 basehttp 154 "POST /user/login/ HTTP/1.1" 200 79
INFO 2020-07-22 20:05:36,462 autoreload 584 Watching for file changes with StatReloader
ERROR 2020-07-22 20:05:39,556 log 228 Internal Server Error: /user/login/
Traceback (most recent call last):
  File "D:\Virtualenvs\luffy\lib\site-packages\django\core\handlers\exception.py", line 34, in inner
    response = get_response(request)
  File "D:\Virtualenvs\luffy\lib\site-packages\django\core\handlers\base.py", line 145, in _get_response
    response = self.process_exception_by_middleware(e, request)
  File "D:\Virtualenvs\luffy\lib\site-packages\django\core\handlers\base.py", line 143, in _get_response
    response = response.render()
  File "D:\Virtualenvs\luffy\lib\site-packages\django\template\response.py", line 106, in render
    self.content = self.rendered_content
  File "D:\Virtualenvs\luffy\lib\site-packages\rest_framework\response.py", line 70, in rendered_content
    ret = renderer.render(self.data, accepted_media_type, context)
  File "D:\Virtualenvs\luffy\lib\site-packages\rest_framework\renderers.py", line 103, in render
    allow_nan=not self.strict, separators=separators
  File "D:\Virtualenvs\luffy\lib\site-packages\rest_framework\utils\json.py", line 25, in dumps
    return json.dumps(*args, **kwargs)
  File "d:\python3.6\lib\json\__init__.py", line 238, in dumps
    **kw).encode(obj)
  File "d:\python3.6\lib\json\encoder.py", line 199, in encode
    chunks = self.iterencode(o, _one_shot=True)
  File "d:\python3.6\lib\json\encoder.py", line 257, in iterencode
    return _iterencode(o, 0)
  File "D:\Virtualenvs\luffy\lib\site-packages\rest_framework\utils\encoders.py", line 67, in default
    return super().default(obj)
  File "d:\python3.6\lib\json\encoder.py", line 180, in default
    o.__class__.__name__)
TypeError: Object of type 'User' is not JSON serializable
ERROR 2020-07-22 20:05:39,558 basehttp 154 "POST /user/login/ HTTP/1.1" 500 104047
ERROR 2020-07-22 20:06:38,586 log 228 Internal Server Error: /user/login/
Traceback (most recent call last):
  File "D:\Virtualenvs\luffy\lib\site-packages\django\core\handlers\exception.py", line 34, in inner
    response = get_response(request)
  File "D:\Virtualenvs\luffy\lib\site-packages\django\core\handlers\base.py", line 145, in _get_response
    response = self.process_exception_by_middleware(e, request)
  File "D:\Virtualenvs\luffy\lib\site-packages\django\core\handlers\base.py", line 143, in _get_response
    response = response.render()
  File "D:\Virtualenvs\luffy\lib\site-packages\django\template\response.py", line 106, in render
    self.content = self.rendered_content
  File "D:\Virtualenvs\luffy\lib\site-packages\rest_framework\response.py", line 70, in rendered_content
    ret = renderer.render(self.data, accepted_media_type, context)
  File "D:\Virtualenvs\luffy\lib\site-packages\rest_framework\renderers.py", line 103, in render
    allow_nan=not self.strict, separators=separators
  File "D:\Virtualenvs\luffy\lib\site-packages\rest_framework\utils\json.py", line 25, in dumps
    return json.dumps(*args, **kwargs)
  File "d:\python3.6\lib\json\__init__.py", line 238, in dumps
    **kw).encode(obj)
  File "d:\python3.6\lib\json\encoder.py", line 199, in encode
    chunks = self.iterencode(o, _one_shot=True)
  File "d:\python3.6\lib\json\encoder.py", line 257, in iterencode
    return _iterencode(o, 0)
  File "D:\Virtualenvs\luffy\lib\site-packages\rest_framework\utils\encoders.py", line 67, in default
    return super().default(obj)
  File "d:\python3.6\lib\json\encoder.py", line 180, in default
    o.__class__.__name__)
TypeError: Object of type 'User' is not JSON serializable
ERROR 2020-07-22 20:06:38,587 basehttp 154 "POST /user/login/ HTTP/1.1" 500 104489
INFO 2020-07-22 20:06:51,517 autoreload 584 Watching for file changes with StatReloader
ERROR 2020-07-22 20:06:53,050 log 228 Internal Server Error: /user/login/
Traceback (most recent call last):
  File "D:\Virtualenvs\luffy\lib\site-packages\django\core\handlers\exception.py", line 34, in inner
    response = get_response(request)
  File "D:\Virtualenvs\luffy\lib\site-packages\django\core\handlers\base.py", line 145, in _get_response
    response = self.process_exception_by_middleware(e, request)
  File "D:\Virtualenvs\luffy\lib\site-packages\django\core\handlers\base.py", line 143, in _get_response
    response = response.render()
  File "D:\Virtualenvs\luffy\lib\site-packages\django\template\response.py", line 106, in render
    self.content = self.rendered_content
  File "D:\Virtualenvs\luffy\lib\site-packages\rest_framework\response.py", line 70, in rendered_content
    ret = renderer.render(self.data, accepted_media_type, context)
  File "D:\Virtualenvs\luffy\lib\site-packages\rest_framework\renderers.py", line 103, in render
    allow_nan=not self.strict, separators=separators
  File "D:\Virtualenvs\luffy\lib\site-packages\rest_framework\utils\json.py", line 25, in dumps
    return json.dumps(*args, **kwargs)
  File "d:\python3.6\lib\json\__init__.py", line 238, in dumps
    **kw).encode(obj)
  File "d:\python3.6\lib\json\encoder.py", line 199, in encode
    chunks = self.iterencode(o, _one_shot=True)
  File "d:\python3.6\lib\json\encoder.py", line 257, in iterencode
    return _iterencode(o, 0)
  File "D:\Virtualenvs\luffy\lib\site-packages\rest_framework\utils\encoders.py", line 67, in default
    return super().default(obj)
  File "d:\python3.6\lib\json\encoder.py", line 180, in default
    o.__class__.__name__)
TypeError: Object of type 'User' is not JSON serializable
ERROR 2020-07-22 20:06:53,052 basehttp 154 "POST /user/login/ HTTP/1.1" 500 104489
INFO 2020-07-22 20:09:11,095 autoreload 584 Watching for file changes with StatReloader
INFO 2020-07-22 20:10:03,007 autoreload 584 Watching for file changes with StatReloader
ERROR 2020-07-22 20:10:11,821 log 228 Internal Server Error: /user/login/
Traceback (most recent call last):
  File "D:\Virtualenvs\luffy\lib\site-packages\django\core\handlers\exception.py", line 34, in inner
    response = get_response(request)
  File "D:\Virtualenvs\luffy\lib\site-packages\django\core\handlers\base.py", line 145, in _get_response
    response = self.process_exception_by_middleware(e, request)
  File "D:\Virtualenvs\luffy\lib\site-packages\django\core\handlers\base.py", line 143, in _get_response
    response = response.render()
  File "D:\Virtualenvs\luffy\lib\site-packages\django\template\response.py", line 106, in render
    self.content = self.rendered_content
  File "D:\Virtualenvs\luffy\lib\site-packages\rest_framework\response.py", line 70, in rendered_content
    ret = renderer.render(self.data, accepted_media_type, context)
  File "D:\Virtualenvs\luffy\lib\site-packages\rest_framework\renderers.py", line 103, in render
    allow_nan=not self.strict, separators=separators
  File "D:\Virtualenvs\luffy\lib\site-packages\rest_framework\utils\json.py", line 25, in dumps
    return json.dumps(*args, **kwargs)
  File "d:\python3.6\lib\json\__init__.py", line 238, in dumps
    **kw).encode(obj)
  File "d:\python3.6\lib\json\encoder.py", line 199, in encode
    chunks = self.iterencode(o, _one_shot=True)
  File "d:\python3.6\lib\json\encoder.py", line 257, in iterencode
    return _iterencode(o, 0)
  File "D:\Virtualenvs\luffy\lib\site-packages\rest_framework\utils\encoders.py", line 67, in default
    return super().default(obj)
  File "d:\python3.6\lib\json\encoder.py", line 180, in default
    o.__class__.__name__)
TypeError: Object of type 'User' is not JSON serializable
ERROR 2020-07-22 20:10:11,824 basehttp 154 "POST /user/login/ HTTP/1.1" 500 104489
INFO 2020-07-22 20:10:18,743 autoreload 211 D:\cool\luffy\luffyapi\luffyapi\apps\user\views.py changed, reloading.
INFO 2020-07-22 20:10:20,283 autoreload 584 Watching for file changes with StatReloader
ERROR 2020-07-22 20:10:29,540 log 228 Internal Server Error: /user/login/
Traceback (most recent call last):
  File "D:\Virtualenvs\luffy\lib\site-packages\django\core\handlers\exception.py", line 34, in inner
    response = get_response(request)
  File "D:\Virtualenvs\luffy\lib\site-packages\django\core\handlers\base.py", line 145, in _get_response
    response = self.process_exception_by_middleware(e, request)
  File "D:\Virtualenvs\luffy\lib\site-packages\django\core\handlers\base.py", line 143, in _get_response
    response = response.render()
  File "D:\Virtualenvs\luffy\lib\site-packages\django\template\response.py", line 106, in render
    self.content = self.rendered_content
  File "D:\Virtualenvs\luffy\lib\site-packages\rest_framework\response.py", line 70, in rendered_content
    ret = renderer.render(self.data, accepted_media_type, context)
  File "D:\Virtualenvs\luffy\lib\site-packages\rest_framework\renderers.py", line 103, in render
    allow_nan=not self.strict, separators=separators
  File "D:\Virtualenvs\luffy\lib\site-packages\rest_framework\utils\json.py", line 25, in dumps
    return json.dumps(*args, **kwargs)
  File "d:\python3.6\lib\json\__init__.py", line 238, in dumps
    **kw).encode(obj)
  File "d:\python3.6\lib\json\encoder.py", line 199, in encode
    chunks = self.iterencode(o, _one_shot=True)
  File "d:\python3.6\lib\json\encoder.py", line 257, in iterencode
    return _iterencode(o, 0)
  File "D:\Virtualenvs\luffy\lib\site-packages\rest_framework\utils\encoders.py", line 67, in default
    return super().default(obj)
  File "d:\python3.6\lib\json\encoder.py", line 180, in default
    o.__class__.__name__)
TypeError: Object of type 'User' is not JSON serializable
ERROR 2020-07-22 20:10:29,542 basehttp 154 "POST /user/login/ HTTP/1.1" 500 104047
INFO 2020-07-22 20:15:55,233 autoreload 584 Watching for file changes with StatReloader
ERROR 2020-07-22 20:15:56,991 log 228 Internal Server Error: /user/login/
Traceback (most recent call last):
  File "D:\Virtualenvs\luffy\lib\site-packages\django\core\handlers\exception.py", line 34, in inner
    response = get_response(request)
  File "D:\Virtualenvs\luffy\lib\site-packages\django\core\handlers\base.py", line 145, in _get_response
    response = self.process_exception_by_middleware(e, request)
  File "D:\Virtualenvs\luffy\lib\site-packages\django\core\handlers\base.py", line 143, in _get_response
    response = response.render()
  File "D:\Virtualenvs\luffy\lib\site-packages\django\template\response.py", line 106, in render
    self.content = self.rendered_content
  File "D:\Virtualenvs\luffy\lib\site-packages\rest_framework\response.py", line 70, in rendered_content
    ret = renderer.render(self.data, accepted_media_type, context)
  File "D:\Virtualenvs\luffy\lib\site-packages\rest_framework\renderers.py", line 103, in render
    allow_nan=not self.strict, separators=separators
  File "D:\Virtualenvs\luffy\lib\site-packages\rest_framework\utils\json.py", line 25, in dumps
    return json.dumps(*args, **kwargs)
  File "d:\python3.6\lib\json\__init__.py", line 238, in dumps
    **kw).encode(obj)
  File "d:\python3.6\lib\json\encoder.py", line 199, in encode
    chunks = self.iterencode(o, _one_shot=True)
  File "d:\python3.6\lib\json\encoder.py", line 257, in iterencode
    return _iterencode(o, 0)
  File "D:\Virtualenvs\luffy\lib\site-packages\rest_framework\utils\encoders.py", line 67, in default
    return super().default(obj)
  File "d:\python3.6\lib\json\encoder.py", line 180, in default
    o.__class__.__name__)
TypeError: Object of type 'User' is not JSON serializable
ERROR 2020-07-22 20:15:56,993 basehttp 154 "POST /user/login/ HTTP/1.1" 500 104489
INFO 2020-07-22 20:21:12,156 autoreload 584 Watching for file changes with StatReloader
ERROR 2020-07-22 20:21:13,646 log 228 Internal Server Error: /user/login/
Traceback (most recent call last):
  File "D:\Virtualenvs\luffy\lib\site-packages\django\core\handlers\exception.py", line 34, in inner
    response = get_response(request)
  File "D:\Virtualenvs\luffy\lib\site-packages\django\core\handlers\base.py", line 145, in _get_response
    response = self.process_exception_by_middleware(e, request)
  File "D:\Virtualenvs\luffy\lib\site-packages\django\core\handlers\base.py", line 143, in _get_response
    response = response.render()
  File "D:\Virtualenvs\luffy\lib\site-packages\django\template\response.py", line 106, in render
    self.content = self.rendered_content
  File "D:\Virtualenvs\luffy\lib\site-packages\rest_framework\response.py", line 70, in rendered_content
    ret = renderer.render(self.data, accepted_media_type, context)
  File "D:\Virtualenvs\luffy\lib\site-packages\rest_framework\renderers.py", line 103, in render
    allow_nan=not self.strict, separators=separators
  File "D:\Virtualenvs\luffy\lib\site-packages\rest_framework\utils\json.py", line 25, in dumps
    return json.dumps(*args, **kwargs)
  File "d:\python3.6\lib\json\__init__.py", line 238, in dumps
    **kw).encode(obj)
  File "d:\python3.6\lib\json\encoder.py", line 199, in encode
    chunks = self.iterencode(o, _one_shot=True)
  File "d:\python3.6\lib\json\encoder.py", line 257, in iterencode
    return _iterencode(o, 0)
  File "D:\Virtualenvs\luffy\lib\site-packages\rest_framework\utils\encoders.py", line 67, in default
    return super().default(obj)
  File "d:\python3.6\lib\json\encoder.py", line 180, in default
    o.__class__.__name__)
TypeError: Object of type 'User' is not JSON serializable
ERROR 2020-07-22 20:21:13,648 basehttp 154 "POST /user/login/ HTTP/1.1" 500 104489
INFO 2020-07-22 20:22:48,434 autoreload 584 Watching for file changes with StatReloader
ERROR 2020-07-22 20:22:49,789 log 228 Internal Server Error: /user/login/
Traceback (most recent call last):
  File "D:\Virtualenvs\luffy\lib\site-packages\django\core\handlers\exception.py", line 34, in inner
    response = get_response(request)
  File "D:\Virtualenvs\luffy\lib\site-packages\django\core\handlers\base.py", line 145, in _get_response
    response = self.process_exception_by_middleware(e, request)
  File "D:\Virtualenvs\luffy\lib\site-packages\django\core\handlers\base.py", line 143, in _get_response
    response = response.render()
  File "D:\Virtualenvs\luffy\lib\site-packages\django\template\response.py", line 106, in render
    self.content = self.rendered_content
  File "D:\Virtualenvs\luffy\lib\site-packages\rest_framework\response.py", line 70, in rendered_content
    ret = renderer.render(self.data, accepted_media_type, context)
  File "D:\Virtualenvs\luffy\lib\site-packages\rest_framework\renderers.py", line 103, in render
    allow_nan=not self.strict, separators=separators
  File "D:\Virtualenvs\luffy\lib\site-packages\rest_framework\utils\json.py", line 25, in dumps
    return json.dumps(*args, **kwargs)
  File "d:\python3.6\lib\json\__init__.py", line 238, in dumps
    **kw).encode(obj)
  File "d:\python3.6\lib\json\encoder.py", line 199, in encode
    chunks = self.iterencode(o, _one_shot=True)
  File "d:\python3.6\lib\json\encoder.py", line 257, in iterencode
    return _iterencode(o, 0)
  File "D:\Virtualenvs\luffy\lib\site-packages\rest_framework\utils\encoders.py", line 67, in default
    return super().default(obj)
  File "d:\python3.6\lib\json\encoder.py", line 180, in default
    o.__class__.__name__)
TypeError: Object of type 'User' is not JSON serializable
ERROR 2020-07-22 20:22:49,792 basehttp 154 "POST /user/login/ HTTP/1.1" 500 104489
INFO 2020-07-22 20:25:48,582 autoreload 584 Watching for file changes with StatReloader
ERROR 2020-07-22 20:25:49,651 excepyions 6 views:LoginModelViewSet 错误是The `request` argument must be an instance of `django.http.HttpRequest`, not `builtins.str`.
INFO 2020-07-22 20:25:49,655 basehttp 154 "POST /user/login/ HTTP/1.1" 200 126
INFO 2020-07-22 20:29:51,521 autoreload 584 Watching for file changes with StatReloader
ERROR 2020-07-22 20:30:29,864 log 228 Internal Server Error: /user/login/
Traceback (most recent call last):
  File "D:\Virtualenvs\luffy\lib\site-packages\django\core\handlers\exception.py", line 34, in inner
    response = get_response(request)
  File "D:\Virtualenvs\luffy\lib\site-packages\django\core\handlers\base.py", line 145, in _get_response
    response = self.process_exception_by_middleware(e, request)
  File "D:\Virtualenvs\luffy\lib\site-packages\django\core\handlers\base.py", line 143, in _get_response
    response = response.render()
  File "D:\Virtualenvs\luffy\lib\site-packages\django\template\response.py", line 106, in render
    self.content = self.rendered_content
  File "D:\Virtualenvs\luffy\lib\site-packages\rest_framework\response.py", line 70, in rendered_content
    ret = renderer.render(self.data, accepted_media_type, context)
  File "D:\Virtualenvs\luffy\lib\site-packages\rest_framework\renderers.py", line 103, in render
    allow_nan=not self.strict, separators=separators
  File "D:\Virtualenvs\luffy\lib\site-packages\rest_framework\utils\json.py", line 25, in dumps
    return json.dumps(*args, **kwargs)
  File "d:\python3.6\lib\json\__init__.py", line 238, in dumps
    **kw).encode(obj)
  File "d:\python3.6\lib\json\encoder.py", line 199, in encode
    chunks = self.iterencode(o, _one_shot=True)
  File "d:\python3.6\lib\json\encoder.py", line 257, in iterencode
    return _iterencode(o, 0)
  File "D:\Virtualenvs\luffy\lib\site-packages\rest_framework\utils\encoders.py", line 67, in default
    return super().default(obj)
  File "d:\python3.6\lib\json\encoder.py", line 180, in default
    o.__class__.__name__)
TypeError: Object of type 'User' is not JSON serializable
ERROR 2020-07-22 20:30:29,866 basehttp 154 "POST /user/login/ HTTP/1.1" 500 104047
INFO 2020-07-22 20:36:01,893 autoreload 584 Watching for file changes with StatReloader
INFO 2020-07-22 20:36:04,227 autoreload 211 D:\cool\luffy\luffyapi\luffyapi\apps\user\views.py changed, reloading.
INFO 2020-07-22 20:36:05,776 autoreload 584 Watching for file changes with StatReloader
ERROR 2020-07-22 20:36:10,055 log 228 Internal Server Error: /user/login/
Traceback (most recent call last):
  File "D:\Virtualenvs\luffy\lib\site-packages\django\core\handlers\exception.py", line 34, in inner
    response = get_response(request)
  File "D:\Virtualenvs\luffy\lib\site-packages\django\core\handlers\base.py", line 145, in _get_response
    response = self.process_exception_by_middleware(e, request)
  File "D:\Virtualenvs\luffy\lib\site-packages\django\core\handlers\base.py", line 143, in _get_response
    response = response.render()
  File "D:\Virtualenvs\luffy\lib\site-packages\django\template\response.py", line 106, in render
    self.content = self.rendered_content
  File "D:\Virtualenvs\luffy\lib\site-packages\rest_framework\response.py", line 70, in rendered_content
    ret = renderer.render(self.data, accepted_media_type, context)
  File "D:\Virtualenvs\luffy\lib\site-packages\rest_framework\renderers.py", line 103, in render
    allow_nan=not self.strict, separators=separators
  File "D:\Virtualenvs\luffy\lib\site-packages\rest_framework\utils\json.py", line 25, in dumps
    return json.dumps(*args, **kwargs)
  File "d:\python3.6\lib\json\__init__.py", line 238, in dumps
    **kw).encode(obj)
  File "d:\python3.6\lib\json\encoder.py", line 199, in encode
    chunks = self.iterencode(o, _one_shot=True)
  File "d:\python3.6\lib\json\encoder.py", line 257, in iterencode
    return _iterencode(o, 0)
  File "D:\Virtualenvs\luffy\lib\site-packages\rest_framework\utils\encoders.py", line 67, in default
    return super().default(obj)
  File "d:\python3.6\lib\json\encoder.py", line 180, in default
    o.__class__.__name__)
TypeError: Object of type 'User' is not JSON serializable
ERROR 2020-07-22 20:36:10,057 basehttp 154 "POST /user/login/ HTTP/1.1" 500 104489
INFO 2020-07-22 20:37:00,451 autoreload 211 D:\cool\luffy\luffyapi\luffyapi\apps\user\urls.py changed, reloading.
INFO 2020-07-22 20:37:02,020 autoreload 584 Watching for file changes with StatReloader
INFO 2020-07-22 20:38:46,866 autoreload 584 Watching for file changes with StatReloader
INFO 2020-07-22 20:38:48,373 basehttp 154 "POST /user/login/ HTTP/1.1" 200 230
INFO 2020-07-22 20:39:39,788 autoreload 584 Watching for file changes with StatReloader
INFO 2020-07-22 20:40:05,033 autoreload 584 Watching for file changes with StatReloader
INFO 2020-07-22 20:41:51,748 autoreload 584 Watching for file changes with StatReloader
INFO 2020-07-22 20:42:04,743 autoreload 584 Watching for file changes with StatReloader
INFO 2020-07-22 20:43:54,682 autoreload 584 Watching for file changes with StatReloader
INFO 2020-07-22 20:44:18,867 autoreload 584 Watching for file changes with StatReloader
INFO 2020-07-22 20:50:49,562 autoreload 584 Watching for file changes with StatReloader
INFO 2020-07-22 20:50:54,137 basehttp 154 "POST /user/login/ HTTP/1.1" 200 230
INFO 2020-07-22 20:51:02,955 basehttp 154 "POST /user/login/ HTTP/1.1" 200 57
INFO 2020-07-22 20:51:13,406 basehttp 154 "POST /user/login/ HTTP/1.1" 200 230
INFO 2020-07-22 21:16:08,466 autoreload 584 Watching for file changes with StatReloader
INFO 2020-07-22 21:16:27,726 basehttp 154 "GET /home/banner/ HTTP/1.1" 200 289
INFO 2020-07-22 21:16:37,831 basehttp 154 "GET /home/banner/ HTTP/1.1" 200 289
INFO 2020-07-22 21:16:48,851 basehttp 154 "OPTIONS /user/login/ HTTP/1.1" 200 0
INFO 2020-07-22 21:16:48,860 basehttp 154 "POST /user/login/ HTTP/1.1" 200 57
INFO 2020-07-22 21:17:05,449 basehttp 154 "POST /user/login/ HTTP/1.1" 200 57
INFO 2020-07-22 21:17:23,859 basehttp 154 "POST /user/login/ HTTP/1.1" 200 54
INFO 2020-07-22 21:19:31,584 basehttp 154 "OPTIONS /user/login/ HTTP/1.1" 200 0
INFO 2020-07-22 21:19:31,593 basehttp 154 "POST /user/login/ HTTP/1.1" 200 57
INFO 2020-07-22 21:22:43,126 autoreload 584 Watching for file changes with StatReloader
INFO 2020-07-22 21:23:14,373 basehttp 154 "GET /home/banner/ HTTP/1.1" 200 289
INFO 2020-07-22 21:23:14,454 basehttp 154 "GET /media/banner/banner1.png HTTP/1.1" 200 115271
INFO 2020-07-22 21:23:14,460 basehttp 154 "GET /media/banner/banner3.png HTTP/1.1" 200 111031
INFO 2020-07-22 21:23:14,473 basehttp 154 "GET /media/banner/banner2.png HTTP/1.1" 200 772079
INFO 2020-07-22 21:23:21,123 basehttp 154 "OPTIONS /user/login/ HTTP/1.1" 200 0
INFO 2020-07-22 21:23:21,134 basehttp 154 "POST /user/login/ HTTP/1.1" 200 57
INFO 2020-07-22 21:24:12,465 basehttp 154 "OPTIONS /user/login/ HTTP/1.1" 200 0
INFO 2020-07-22 21:24:12,616 basehttp 154 "POST /user/login/ HTTP/1.1" 200 230
INFO 2020-07-22 21:24:25,308 basehttp 154 "OPTIONS /user/login/ HTTP/1.1" 200 0
INFO 2020-07-22 21:24:25,327 basehttp 154 "POST /user/login/ HTTP/1.1" 200 57
INFO 2020-07-22 21:28:43,198 basehttp 154 "GET /home/banner/ HTTP/1.1" 200 289
INFO 2020-07-22 21:39:51,590 basehttp 154 "GET /home/banner/ HTTP/1.1" 200 289
INFO 2020-07-22 21:42:21,166 basehttp 154 "GET /home/banner/ HTTP/1.1" 200 289
INFO 2020-07-22 21:49:21,712 basehttp 154 "GET /home/banner/ HTTP/1.1" 200 289
INFO 2020-07-22 21:52:21,424 basehttp 154 "GET /home/banner/ HTTP/1.1" 200 289
INFO 2020-07-22 21:52:33,635 basehttp 154 "GET /home/banner/ HTTP/1.1" 200 289
INFO 2020-07-22 21:52:46,019 basehttp 154 "POST /user/login/ HTTP/1.1" 200 230
INFO 2020-07-22 21:52:57,392 basehttp 154 "GET /home/banner/ HTTP/1.1" 200 289
INFO 2020-07-22 21:53:06,783 basehttp 154 "GET /home/banner/ HTTP/1.1" 200 289
INFO 2020-07-22 21:53:13,621 basehttp 154 "OPTIONS /user/login/ HTTP/1.1" 200 0
INFO 2020-07-22 21:53:13,628 basehttp 154 "POST /user/login/ HTTP/1.1" 200 57
INFO 2020-07-22 21:53:42,153 basehttp 154 "GET /home/banner/ HTTP/1.1" 200 289
INFO 2020-07-22 21:53:57,434 basehttp 154 "OPTIONS /user/login/ HTTP/1.1" 200 0
INFO 2020-07-22 21:53:57,580 basehttp 154 "POST /user/login/ HTTP/1.1" 200 230
INFO 2020-07-22 21:54:03,756 basehttp 154 "GET /home/banner/ HTTP/1.1" 200 289
INFO 2020-07-22 21:56:17,557 basehttp 154 "GET /home/banner/ HTTP/1.1" 200 289
INFO 2020-07-22 21:56:26,042 basehttp 154 "POST /user/login/ HTTP/1.1" 200 54
INFO 2020-07-22 21:56:29,591 basehttp 154 "GET /home/banner/ HTTP/1.1" 200 289
INFO 2020-07-22 21:56:32,819 basehttp 154 "GET /home/banner/ HTTP/1.1" 200 289
INFO 2020-07-22 21:56:42,218 basehttp 154 "POST /user/login/ HTTP/1.1" 200 230
INFO 2020-07-22 21:56:59,729 basehttp 154 "GET /home/banner/ HTTP/1.1" 200 289
INFO 2020-07-22 22:01:26,737 basehttp 154 "GET /home/banner/ HTTP/1.1" 200 289
INFO 2020-07-22 22:01:37,430 basehttp 154 "POST /user/login/ HTTP/1.1" 200 230
INFO 2020-07-22 22:01:40,476 basehttp 154 "GET /home/banner/ HTTP/1.1" 200 289
INFO 2020-07-22 22:01:42,817 basehttp 154 "GET /home/banner/ HTTP/1.1" 200 289
INFO 2020-07-22 22:01:48,073 basehttp 154 "GET /home/banner/ HTTP/1.1" 200 289
INFO 2020-07-22 22:03:25,140 autoreload 584 Watching for file changes with StatReloader
INFO 2020-07-22 22:04:02,866 basehttp 154 "GET /home/banner/ HTTP/1.1" 200 289
INFO 2020-07-22 22:04:11,178 basehttp 154 "POST /user/login/ HTTP/1.1" 200 54
INFO 2020-07-22 22:04:15,420 basehttp 154 "GET /home/banner/ HTTP/1.1" 200 289
INFO 2020-07-22 22:05:57,516 basehttp 154 "GET /home/banner/ HTTP/1.1" 200 289
INFO 2020-07-22 22:06:03,748 basehttp 154 "POST /user/login/ HTTP/1.1" 200 57
INFO 2020-07-22 22:06:10,589 basehttp 154 "GET /home/banner/ HTTP/1.1" 200 289
INFO 2020-07-22 22:06:19,167 basehttp 154 "POST /user/login/ HTTP/1.1" 200 230
INFO 2020-07-22 22:06:31,200 basehttp 154 "POST /user/login/ HTTP/1.1" 200 230
INFO 2020-07-22 22:06:31,261 basehttp 154 "POST /user/login/ HTTP/1.1" 200 230
INFO 2020-07-22 22:06:36,533 basehttp 154 "POST /user/login/ HTTP/1.1" 200 57
INFO 2020-07-22 22:33:28,261 autoreload 584 Watching for file changes with StatReloader
INFO 2020-07-22 22:35:02,616 autoreload 584 Watching for file changes with StatReloader
INFO 2020-07-22 22:35:24,882 autoreload 584 Watching for file changes with StatReloader
ERROR 2020-07-22 22:36:12,924 excepyions 6 views:LoginModelViewSet 错误是方法 “POST” 不被允许。
INFO 2020-07-22 22:36:12,929 basehttp 154 "POST /user/check_telephone/ HTTP/1.1" 200 78
ERROR 2020-07-22 22:36:17,423 excepyions 6 views:LoginModelViewSet 错误是expected string or bytes-like object
INFO 2020-07-22 22:36:17,425 basehttp 154 "GET /user/check_telephone/ HTTP/1.1" 200 70
INFO 2020-07-22 22:38:03,617 autoreload 584 Watching for file changes with StatReloader
ERROR 2020-07-22 22:38:03,884 excepyions 6 views:LoginModelViewSet 错误是expected string or bytes-like object
INFO 2020-07-22 22:38:03,890 basehttp 154 "GET /user/check_telephone/ HTTP/1.1" 200 70
ERROR 2020-07-22 22:38:31,134 excepyions 6 views:LoginModelViewSet 错误是expected string or bytes-like object
INFO 2020-07-22 22:38:31,137 basehttp 154 "GET /user/check_telephone/ HTTP/1.1" 200 70
INFO 2020-07-22 22:39:32,833 autoreload 211 D:\cool\luffy\luffyapi\luffyapi\apps\user\views.py changed, reloading.
INFO 2020-07-22 22:39:34,382 autoreload 584 Watching for file changes with StatReloader
ERROR 2020-07-22 22:40:12,137 excepyions 6 views:LoginModelViewSet 错误是expected string or bytes-like object
INFO 2020-07-22 22:40:12,143 basehttp 154 "GET /user/check_telephone/ HTTP/1.1" 200 70
ERROR 2020-07-22 22:40:20,270 excepyions 6 views:LoginModelViewSet 错误是expected string or bytes-like object
INFO 2020-07-22 22:40:20,271 basehttp 154 "GET /user/check_telephone/ HTTP/1.1" 200 70
INFO 2020-07-22 22:40:30,394 autoreload 584 Watching for file changes with StatReloader
ERROR 2020-07-22 22:40:32,190 excepyions 6 views:LoginModelViewSet 错误是expected string or bytes-like object
INFO 2020-07-22 22:40:32,195 basehttp 154 "GET /user/check_telephone/ HTTP/1.1" 200 70
INFO 2020-07-22 22:42:25,190 autoreload 584 Watching for file changes with StatReloader
ERROR 2020-07-22 22:42:35,694 excepyions 6 views:LoginModelViewSet 错误是expected string or bytes-like object
INFO 2020-07-22 22:42:35,698 basehttp 154 "GET /user/check_telephone/ HTTP/1.1" 200 70
ERROR 2020-07-22 22:42:46,957 excepyions 6 views:LoginModelViewSet 错误是expected string or bytes-like object
INFO 2020-07-22 22:42:46,958 basehttp 154 "GET /user/check_telephone/ HTTP/1.1" 200 70
INFO 2020-07-22 22:42:52,701 autoreload 584 Watching for file changes with StatReloader
ERROR 2020-07-22 22:42:53,095 excepyions 6 views:LoginModelViewSet 错误是expected string or bytes-like object
INFO 2020-07-22 22:42:53,103 basehttp 154 "GET /user/check_telephone/ HTTP/1.1" 200 70
ERROR 2020-07-22 22:42:53,767 excepyions 6 views:LoginModelViewSet 错误是expected string or bytes-like object
INFO 2020-07-22 22:42:53,769 basehttp 154 "GET /user/check_telephone/ HTTP/1.1" 200 70
ERROR 2020-07-22 22:43:03,151 excepyions 6 views:LoginModelViewSet 错误是expected string or bytes-like object
INFO 2020-07-22 22:43:03,154 basehttp 154 "GET /user/check_telephone/ HTTP/1.1" 200 70
ERROR 2020-07-22 22:43:04,164 excepyions 6 views:LoginModelViewSet 错误是expected string or bytes-like object
INFO 2020-07-22 22:43:04,166 basehttp 154 "GET /user/check_telephone/ HTTP/1.1" 200 70
ERROR 2020-07-22 22:43:04,553 excepyions 6 views:LoginModelViewSet 错误是expected string or bytes-like object
INFO 2020-07-22 22:43:04,555 basehttp 154 "GET /user/check_telephone/ HTTP/1.1" 200 70
INFO 2020-07-22 22:45:24,325 autoreload 584 Watching for file changes with StatReloader
ERROR 2020-07-22 22:45:28,886 excepyions 6 views:LoginModelViewSet 错误是expected string or bytes-like object
INFO 2020-07-22 22:45:28,891 basehttp 154 "GET /user/check_telephone/ HTTP/1.1" 200 70
INFO 2020-07-22 22:46:04,442 autoreload 211 D:\cool\luffy\luffyapi\luffyapi\apps\user\views.py changed, reloading.
INFO 2020-07-22 22:46:05,922 autoreload 584 Watching for file changes with StatReloader
INFO 2020-07-22 22:46:08,311 autoreload 211 D:\cool\luffy\luffyapi\luffyapi\apps\user\views.py changed, reloading.
INFO 2020-07-22 22:46:09,773 autoreload 584 Watching for file changes with StatReloader
INFO 2020-07-22 22:46:14,649 autoreload 211 D:\cool\luffy\luffyapi\luffyapi\apps\user\views.py changed, reloading.
INFO 2020-07-22 22:46:16,161 autoreload 584 Watching for file changes with StatReloader
INFO 2020-07-22 22:46:18,459 autoreload 211 D:\cool\luffy\luffyapi\luffyapi\apps\user\views.py changed, reloading.
INFO 2020-07-22 22:46:19,929 autoreload 584 Watching for file changes with StatReloader
INFO 2020-07-22 22:46:22,210 autoreload 211 D:\cool\luffy\luffyapi\luffyapi\apps\user\views.py changed, reloading.
INFO 2020-07-22 22:46:23,701 autoreload 584 Watching for file changes with StatReloader
INFO 2020-07-22 22:46:38,818 autoreload 584 Watching for file changes with StatReloader
ERROR 2020-07-22 22:46:40,855 excepyions 6 views:LoginModelViewSet 错误是expected string or bytes-like object
INFO 2020-07-22 22:46:40,865 basehttp 154 "GET /user/check_telephone/ HTTP/1.1" 200 70
ERROR 2020-07-22 22:46:46,425 excepyions 6 views:LoginModelViewSet 错误是expected string or bytes-like object
INFO 2020-07-22 22:46:46,427 basehttp 154 "GET /user/check_telephone/ HTTP/1.1" 200 70
ERROR 2020-07-22 22:48:25,492 excepyions 6 views:LoginModelViewSet 错误是expected string or bytes-like object
INFO 2020-07-22 22:48:25,494 basehttp 154 "GET /user/check_telephone/ HTTP/1.1" 200 70
INFO 2020-07-22 22:50:06,273 basehttp 154 "GET /user/check_telephone/?phone=13162888238 HTTP/1.1" 200 25
INFO 2020-07-22 22:50:54,958 autoreload 584 Watching for file changes with StatReloader
INFO 2020-07-22 22:50:56,383 basehttp 154 "GET /user/check_telephone/?phone=13162888238 HTTP/1.1" 200 25
INFO 2020-07-22 22:50:57,285 basehttp 154 "GET /user/check_telephone/?phone=13162888238 HTTP/1.1" 200 25
INFO 2020-07-22 22:51:36,052 basehttp 154 "GET /home/banner/ HTTP/1.1" 200 289
INFO 2020-07-22 22:51:36,122 basehttp 154 "GET /media/banner/banner2.png HTTP/1.1" 304 0
INFO 2020-07-22 22:51:36,122 basehttp 154 "GET /media/banner/banner3.png HTTP/1.1" 304 0
INFO 2020-07-22 22:51:36,123 basehttp 154 "GET /media/banner/banner1.png HTTP/1.1" 304 0
INFO 2020-07-22 22:52:02,556 basehttp 154 "OPTIONS /user/login/ HTTP/1.1" 200 0
INFO 2020-07-22 22:52:02,697 basehttp 154 "POST /user/login/ HTTP/1.1" 200 230
INFO 2020-07-22 22:52:10,311 basehttp 154 "POST /user/login/ HTTP/1.1" 200 57
INFO 2020-07-22 22:52:13,783 basehttp 154 "GET /home/banner/ HTTP/1.1" 200 289
INFO 2020-07-22 22:52:16,879 basehttp 154 "GET /home/banner/ HTTP/1.1" 200 289
INFO 2020-07-22 22:52:25,871 basehttp 154 "POST /user/login/ HTTP/1.1" 200 230
INFO 2020-07-22 22:52:28,122 basehttp 154 "GET /home/banner/ HTTP/1.1" 200 289
INFO 2020-07-22 22:52:29,962 basehttp 154 "GET /home/banner/ HTTP/1.1" 200 289
INFO 2020-07-22 22:52:31,983 basehttp 154 "GET /home/banner/ HTTP/1.1" 200 289
INFO 2020-07-23 17:19:08,836 autoreload 584 Watching for file changes with StatReloader
INFO 2020-07-23 17:19:58,560 basehttp 154 "GET /user/check_telephone/?phone=13162888238 HTTP/1.1" 200 25
INFO 2020-07-23 17:20:08,311 basehttp 154 "GET /user/check_telephone/?phone=13162888238 HTTP/1.1" 200 25
INFO 2020-07-23 17:20:12,415 basehttp 154 "GET /user/check_telephone/?phone=13162888238 HTTP/1.1" 200 25
WARNING 2020-07-23 17:21:01,055 log 228 Not Found: /user/send_phone/
WARNING 2020-07-23 17:21:01,055 basehttp 154 "POST /user/send_phone/ HTTP/1.1" 404 2600
INFO 2020-07-23 17:22:08,980 autoreload 584 Watching for file changes with StatReloader
ERROR 2020-07-23 17:22:20,214 excepyions 6 views:Phone_Throtting 错误是No default throttle rate set for 'sms' scope
INFO 2020-07-23 17:22:20,219 basehttp 154 "POST /user/send_phone/ HTTP/1.1" 200 78
INFO 2020-07-23 17:23:57,410 autoreload 584 Watching for file changes with StatReloader
ERROR 2020-07-23 17:24:00,886 log 228 Internal Server Error: /user/send_phone/
Traceback (most recent call last):
  File "D:\Virtualenvs\luffy\lib\site-packages\django\core\handlers\exception.py", line 34, in inner
    response = get_response(request)
  File "D:\Virtualenvs\luffy\lib\site-packages\django\core\handlers\base.py", line 115, in _get_response
    response = self.process_exception_by_middleware(e, request)
  File "D:\Virtualenvs\luffy\lib\site-packages\django\core\handlers\base.py", line 113, in _get_response
    response = wrapped_callback(request, *callback_args, **callback_kwargs)
  File "D:\Virtualenvs\luffy\lib\site-packages\django\views\decorators\csrf.py", line 54, in wrapped_view
    return view_func(*args, **kwargs)
  File "D:\Virtualenvs\luffy\lib\site-packages\rest_framework\viewsets.py", line 114, in view
    return self.dispatch(request, *args, **kwargs)
  File "D:\Virtualenvs\luffy\lib\site-packages\rest_framework\views.py", line 505, in dispatch
    response = self.handle_exception(exc)
  File "D:\Virtualenvs\luffy\lib\site-packages\rest_framework\views.py", line 465, in handle_exception
    self.raise_uncaught_exception(exc)
  File "D:\Virtualenvs\luffy\lib\site-packages\rest_framework\views.py", line 476, in raise_uncaught_exception
    raise exc
  File "D:\Virtualenvs\luffy\lib\site-packages\rest_framework\views.py", line 502, in dispatch
    response = handler(request, *args, **kwargs)
  File "D:\cool\luffy\luffyapi\luffyapi\apps\user\views.py", line 52, in send_phone
    if not re.match('1[3-9][0-9]{9}', phone):
  File "d:\python3.6\lib\re.py", line 172, in match
    return _compile(pattern, flags).match(string)
TypeError: expected string or bytes-like object
ERROR 2020-07-23 17:24:00,888 basehttp 154 "POST /user/send_phone/ HTTP/1.1" 500 17720
INFO 2020-07-23 17:26:20,123 autoreload 211 D:\cool\luffy\luffyapi\luffyapi\settings\dev.py changed, reloading.
INFO 2020-07-23 17:26:21,552 autoreload 584 Watching for file changes with StatReloader
INFO 2020-07-23 17:26:26,776 autoreload 584 Watching for file changes with StatReloader
ERROR 2020-07-23 17:26:27,305 excepyions 6 views:Phone_Throtting 错误是expected string or bytes-like object
INFO 2020-07-23 17:26:27,310 basehttp 154 "POST /user/send_phone/ HTTP/1.1" 200 70
INFO 2020-07-23 17:30:37,041 autoreload 584 Watching for file changes with StatReloader
ERROR 2020-07-23 17:30:39,177 excepyions 6 views:Phone_Throtting 错误是expected string or bytes-like object
INFO 2020-07-23 17:30:39,181 basehttp 154 "POST /user/send_phone/ HTTP/1.1" 200 70
ERROR 2020-07-23 17:30:53,955 excepyions 6 views:Phone_Throtting 错误是请求超过了限速。 Expected available in 46 seconds.
INFO 2020-07-23 17:30:53,957 basehttp 154 "POST /user/send_phone/ HTTP/1.1" 200 103
INFO 2020-07-23 17:31:02,833 autoreload 584 Watching for file changes with StatReloader
ERROR 2020-07-23 17:31:04,560 excepyions 6 views:Phone_Throtting 错误是expected string or bytes-like object
INFO 2020-07-23 17:31:04,565 basehttp 154 "POST /user/send_phone/ HTTP/1.1" 200 70
INFO 2020-07-23 18:28:22,026 autoreload 584 Watching for file changes with StatReloader
ERROR 2020-07-23 18:28:25,486 excepyions 6 views:Phone_Throtting 错误是expected string or bytes-like object
INFO 2020-07-23 18:28:25,490 basehttp 154 "POST /user/send_phone/ HTTP/1.1" 200 70
INFO 2020-07-23 18:30:10,550 autoreload 584 Watching for file changes with StatReloader
INFO 2020-07-23 18:30:12,164 basehttp 154 "POST /user/send_phone/ HTTP/1.1" 200 31
INFO 2020-07-23 18:36:00,870 autoreload 584 Watching for file changes with StatReloader
INFO 2020-07-23 18:36:02,435 basehttp 154 "POST /user/send_phone/ HTTP/1.1" 200 31
ERROR 2020-07-23 18:36:03,647 excepyions 6 views:Phone_Throtting 错误是请求超过了限速。 Expected available in 59 seconds.
INFO 2020-07-23 18:36:03,649 basehttp 154 "POST /user/send_phone/ HTTP/1.1" 200 103
ERROR 2020-07-23 18:36:04,600 excepyions 6 views:Phone_Throtting 错误是请求超过了限速。 Expected available in 58 seconds.
INFO 2020-07-23 18:36:04,604 basehttp 154 "POST /user/send_phone/ HTTP/1.1" 200 103
INFO 2020-07-23 18:37:38,471 autoreload 584 Watching for file changes with StatReloader
INFO 2020-07-23 18:37:40,326 basehttp 154 "POST /user/send_phone/ HTTP/1.1" 200 31
ERROR 2020-07-23 18:37:41,799 excepyions 6 views:Phone_Throtting 错误是请求超过了限速。 Expected available in 59 seconds.
INFO 2020-07-23 18:37:41,801 basehttp 154 "POST /user/send_phone/ HTTP/1.1" 200 103
INFO 2020-07-23 19:20:58,300 autoreload 584 Watching for file changes with StatReloader
INFO 2020-07-23 19:21:39,818 basehttp 154 "POST /user/code_login/ HTTP/1.1" 200 57
WARNING 2020-07-23 19:23:28,187 log 228 Not Found: /send_phone/
WARNING 2020-07-23 19:23:28,187 basehttp 154 "POST /send_phone/?phone=13162888238 HTTP/1.1" 404 2328
WARNING 2020-07-23 19:23:58,945 log 228 Not Found: /send_phone/
WARNING 2020-07-23 19:23:58,946 basehttp 154 "POST /send_phone/ HTTP/1.1" 404 2310
INFO 2020-07-23 19:25:05,587 basehttp 154 "POST /user/send_phone/ HTTP/1.1" 200 31
ERROR 2020-07-23 19:25:22,079 log 228 Internal Server Error: /user/code_login/
Traceback (most recent call last):
  File "D:\Virtualenvs\luffy\lib\site-packages\django\core\handlers\exception.py", line 34, in inner
    response = get_response(request)
  File "D:\Virtualenvs\luffy\lib\site-packages\django\core\handlers\base.py", line 145, in _get_response
    response = self.process_exception_by_middleware(e, request)
  File "D:\Virtualenvs\luffy\lib\site-packages\django\core\handlers\base.py", line 143, in _get_response
    response = response.render()
  File "D:\Virtualenvs\luffy\lib\site-packages\django\template\response.py", line 106, in render
    self.content = self.rendered_content
  File "D:\Virtualenvs\luffy\lib\site-packages\rest_framework\response.py", line 70, in rendered_content
    ret = renderer.render(self.data, accepted_media_type, context)
  File "D:\Virtualenvs\luffy\lib\site-packages\rest_framework\renderers.py", line 103, in render
    allow_nan=not self.strict, separators=separators
  File "D:\Virtualenvs\luffy\lib\site-packages\rest_framework\utils\json.py", line 25, in dumps
    return json.dumps(*args, **kwargs)
  File "d:\python3.6\lib\json\__init__.py", line 238, in dumps
    **kw).encode(obj)
  File "d:\python3.6\lib\json\encoder.py", line 199, in encode
    chunks = self.iterencode(o, _one_shot=True)
  File "d:\python3.6\lib\json\encoder.py", line 257, in iterencode
    return _iterencode(o, 0)
  File "D:\Virtualenvs\luffy\lib\site-packages\rest_framework\utils\encoders.py", line 67, in default
    return super().default(obj)
  File "d:\python3.6\lib\json\encoder.py", line 180, in default
    o.__class__.__name__)
TypeError: Object of type 'User' is not JSON serializable
ERROR 2020-07-23 19:25:22,081 basehttp 154 "POST /user/code_login/ HTTP/1.1" 500 104759
INFO 2020-07-23 19:26:13,079 autoreload 211 D:\cool\luffy\luffyapi\luffyapi\apps\user\views.py changed, reloading.
INFO 2020-07-23 19:26:14,505 autoreload 584 Watching for file changes with StatReloader
INFO 2020-07-23 19:26:18,156 basehttp 154 "POST /user/code_login/ HTTP/1.1" 200 57
INFO 2020-07-23 19:26:23,055 basehttp 154 "POST /user/send_phone/ HTTP/1.1" 200 31
INFO 2020-07-23 19:26:31,447 basehttp 154 "POST /user/code_login/ HTTP/1.1" 200 230
INFO 2020-07-23 19:40:08,760 autoreload 584 Watching for file changes with StatReloader
INFO 2020-07-23 19:40:12,713 basehttp 154 "POST /user/send_phone/ HTTP/1.1" 200 31
ERROR 2020-07-23 19:40:27,029 excepyions 6 views:Phone_Throtting 错误是请求超过了限速。 Expected available in 44 seconds.
INFO 2020-07-23 19:40:27,032 basehttp 154 "POST /user/send_phone/ HTTP/1.1" 200 103
INFO 2020-07-23 19:40:34,742 autoreload 584 Watching for file changes with StatReloader
INFO 2020-07-23 19:40:36,856 basehttp 154 "POST /user/send_phone/ HTTP/1.1" 200 31
INFO 2020-07-23 19:43:48,308 autoreload 584 Watching for file changes with StatReloader
INFO 2020-07-23 19:43:50,386 basehttp 154 "POST /user/send_phone/ HTTP/1.1" 200 31
INFO 2020-07-23 20:21:52,106 autoreload 584 Watching for file changes with StatReloader
INFO 2020-07-23 20:22:23,875 basehttp 154 "GET /home/banner/ HTTP/1.1" 200 289
INFO 2020-07-23 20:22:23,912 basehttp 154 "GET /media/banner/banner1.png HTTP/1.1" 304 0
INFO 2020-07-23 20:22:23,912 basehttp 154 "GET /media/banner/banner3.png HTTP/1.1" 304 0
INFO 2020-07-23 20:22:23,912 basehttp 154 "GET /media/banner/banner2.png HTTP/1.1" 304 0
INFO 2020-07-23 20:22:32,724 basehttp 154 "GET /home/banner/ HTTP/1.1" 200 289
INFO 2020-07-23 20:22:32,837 basehttp 154 "GET /media/banner/banner1.png HTTP/1.1" 200 115271
INFO 2020-07-23 20:22:32,837 basehttp 154 "GET /media/banner/banner3.png HTTP/1.1" 200 111031
INFO 2020-07-23 20:22:32,884 basehttp 154 "GET /media/banner/banner2.png HTTP/1.1" 200 772079
ERROR 2020-07-23 20:22:58,292 excepyions 6 views:LoginModelViewSet 错误是方法 “POST” 不被允许。
INFO 2020-07-23 20:22:58,294 basehttp 154 "POST /user/check_telephone/ HTTP/1.1" 200 78
ERROR 2020-07-23 20:23:05,824 excepyions 6 views:LoginModelViewSet 错误是方法 “POST” 不被允许。
INFO 2020-07-23 20:23:05,827 basehttp 154 "POST /user/check_telephone/ HTTP/1.1" 200 78
INFO 2020-07-23 20:26:07,887 basehttp 154 "GET /home/banner/ HTTP/1.1" 200 289
INFO 2020-07-23 20:26:39,453 basehttp 154 "GET /home/banner/ HTTP/1.1" 200 289
INFO 2020-07-23 20:27:25,246 basehttp 154 "GET /user/check_telephone/?phone=13162888238 HTTP/1.1" 200 25
INFO 2020-07-23 20:27:32,309 basehttp 154 "GET /user/check_telephone/?phone=13162888239 HTTP/1.1" 200 37
INFO 2020-07-23 20:35:40,185 basehttp 154 "GET /home/banner/ HTTP/1.1" 200 289
INFO 2020-07-23 20:54:55,342 basehttp 154 "POST /user/send_phone/ HTTP/1.1" 200 31
INFO 2020-07-23 20:55:46,135 basehttp 154 "GET /home/banner/ HTTP/1.1" 200 289
INFO 2020-07-23 20:55:58,479 basehttp 154 "GET /user/check_telephone/?phone=13162888238 HTTP/1.1" 200 25
ERROR 2020-07-23 20:55:59,652 excepyions 6 views:Phone_Throtting 错误是expected string or bytes-like object
INFO 2020-07-23 20:55:59,654 basehttp 154 "POST /user/send_phone/ HTTP/1.1" 200 70
INFO 2020-07-23 20:56:40,071 autoreload 584 Watching for file changes with StatReloader
INFO 2020-07-23 20:56:45,247 basehttp 154 "GET /home/banner/ HTTP/1.1" 200 289
INFO 2020-07-23 20:56:52,541 basehttp 154 "GET /user/check_telephone/?phone=13162888238 HTTP/1.1" 200 25
ERROR 2020-07-23 20:56:52,631 excepyions 6 views:Phone_Throtting 错误是expected string or bytes-like object
INFO 2020-07-23 20:56:52,633 basehttp 154 "POST /user/send_phone/ HTTP/1.1" 200 70
INFO 2020-07-23 20:57:08,303 basehttp 154 "POST /user/send_phone/ HTTP/1.1" 200 31
INFO 2020-07-23 21:01:02,533 basehttp 154 "GET /home/banner/ HTTP/1.1" 200 289
INFO 2020-07-23 21:01:10,368 basehttp 154 "GET /user/check_telephone/?phone=13162888238 HTTP/1.1" 200 25
INFO 2020-07-23 21:01:10,450 basehttp 154 "OPTIONS /user/send_phone/ HTTP/1.1" 200 0
INFO 2020-07-23 21:01:11,009 basehttp 154 "POST /user/send_phone/ HTTP/1.1" 200 31
INFO 2020-07-23 21:01:24,067 basehttp 154 "OPTIONS /user/code_login/ HTTP/1.1" 200 0
INFO 2020-07-23 21:01:24,095 basehttp 154 "POST /user/code_login/ HTTP/1.1" 200 230
INFO 2020-07-23 21:04:12,601 autoreload 584 Watching for file changes with StatReloader
INFO 2020-07-23 21:04:33,833 basehttp 154 "GET /home/banner/ HTTP/1.1" 200 289
INFO 2020-07-23 21:05:05,434 basehttp 154 "GET /user/check_telephone/?phone=13162888238 HTTP/1.1" 200 25
INFO 2020-07-23 21:05:09,887 basehttp 154 "GET /user/check_telephone/?phone=13162888238 HTTP/1.1" 200 25
INFO 2020-07-23 21:05:12,902 basehttp 154 "GET /user/check_telephone/?phone=13162888231 HTTP/1.1" 200 37
INFO 2020-07-23 21:05:25,138 basehttp 154 "GET /user/check_telephone/?phone=13162888238 HTTP/1.1" 200 25
INFO 2020-07-23 21:05:29,538 basehttp 154 "POST /user/code_login/ HTTP/1.1" 200 57
INFO 2020-07-23 21:06:06,493 basehttp 154 "OPTIONS /user/login/ HTTP/1.1" 200 0
INFO 2020-07-23 21:06:06,621 basehttp 154 "POST /user/login/ HTTP/1.1" 200 54
INFO 2020-07-23 21:06:21,317 basehttp 154 "GET /user/check_telephone/?phone=13162888238 HTTP/1.1" 200 25
INFO 2020-07-23 21:06:23,119 basehttp 154 "POST /user/send_phone/ HTTP/1.1" 200 31
INFO 2020-07-23 21:06:34,208 basehttp 154 "POST /user/code_login/ HTTP/1.1" 200 230
INFO 2020-07-23 22:18:10,083 autoreload 584 Watching for file changes with StatReloader
INFO 2020-07-23 22:20:29,025 basehttp 154 "GET /home/banner/ HTTP/1.1" 200 289
INFO 2020-07-23 22:20:35,295 basehttp 154 "GET /home/banner/ HTTP/1.1" 200 289
INFO 2020-07-23 22:20:49,717 basehttp 154 "POST /user/login/ HTTP/1.1" 200 57
WARNING 2020-07-23 22:26:53,062 log 228 Not Found: /send_phone/
WARNING 2020-07-23 22:26:53,062 basehttp 154 "POST /send_phone/ HTTP/1.1" 404 2310
INFO 2020-07-23 22:27:17,319 basehttp 154 "POST /user/send_phone/ HTTP/1.1" 200 31
ERROR 2020-07-23 22:27:29,161 excepyions 6 views:UserRegister 错误是方法 “GET” 不被允许。
INFO 2020-07-23 22:27:29,195 basehttp 154 "GET /user/register/ HTTP/1.1" 200 77
INFO 2020-07-23 22:27:34,071 basehttp 154 "POST /user/register/ HTTP/1.1" 200 31
INFO 2020-07-23 22:28:22,454 basehttp 154 "POST /user/send_phone/ HTTP/1.1" 200 31
INFO 2020-07-23 22:28:47,920 basehttp 154 "POST /user/register/ HTTP/1.1" 200 31
INFO 2020-07-23 22:30:46,476 autoreload 211 D:\cool\luffy\luffyapi\luffyapi\apps\user\views.py changed, reloading.
INFO 2020-07-23 22:30:48,027 autoreload 584 Watching for file changes with StatReloader
INFO 2020-07-23 22:30:52,417 basehttp 154 "POST /user/register/ HTTP/1.1" 200 63
INFO 2020-07-23 22:31:00,952 basehttp 154 "POST /user/register/ HTTP/1.1" 200 57
INFO 2020-07-26 13:36:19,918 autoreload 584 Watching for file changes with StatReloader
WARNING 2020-07-26 13:36:24,205 log 228 Not Found: /
WARNING 2020-07-26 13:36:24,206 basehttp 154 "GET / HTTP/1.1" 404 2258
WARNING 2020-07-26 13:36:24,330 log 228 Not Found: /favicon.ico
WARNING 2020-07-26 13:36:24,332 basehttp 154 "GET /favicon.ico HTTP/1.1" 404 2309
INFO 2020-07-26 13:36:36,110 basehttp 154 "GET /xadmin HTTP/1.1" 301 0
INFO 2020-07-26 13:36:36,290 basehttp 154 "GET /xadmin/ HTTP/1.1" 200 10879
INFO 2020-07-26 13:36:36,336 basehttp 154 "GET /static/xadmin/css/xadmin.plugins.css HTTP/1.1" 200 175
INFO 2020-07-26 13:36:36,348 basehttp 154 "GET /static/xadmin/vendor/font-awesome/css/font-awesome.css HTTP/1.1" 200 21658
INFO 2020-07-26 13:36:36,353 basehttp 154 "GET /static/xadmin/vendor/bootstrap/css/bootstrap.css HTTP/1.1" 200 126432
INFO 2020-07-26 13:36:36,356 basehttp 154 "GET /static/xadmin/css/xadmin.page.dashboard.css HTTP/1.1" 200 790
INFO 2020-07-26 13:36:36,356 basehttp 154 "GET /static/xadmin/css/xadmin.responsive.css HTTP/1.1" 200 4361
INFO 2020-07-26 13:36:36,356 basehttp 154 "GET /static/xadmin/css/themes/bootstrap-xadmin.css HTTP/1.1" 200 1888
INFO 2020-07-26 13:36:36,356 basehttp 154 "GET /static/xadmin/css/xadmin.main.css HTTP/1.1" 200 8376
INFO 2020-07-26 13:36:36,367 basehttp 154 "GET /static/xadmin/vendor/jquery-ui/jquery.ui.core.js HTTP/1.1" 200 8195
INFO 2020-07-26 13:36:36,371 basehttp 154 "GET /static/xadmin/vendor/jquery/jquery.js HTTP/1.1" 200 240196
INFO 2020-07-26 13:36:36,375 basehttp 154 "GET /static/xadmin/js/xadmin.main.js HTTP/1.1" 200 3401
INFO 2020-07-26 13:36:36,387 basehttp 154 "GET /static/xadmin/js/xadmin.responsive.js HTTP/1.1" 200 4165
INFO 2020-07-26 13:36:36,394 basehttp 154 "GET /static/xadmin/js/xadmin.page.dashboard.js HTTP/1.1" 200 3208
INFO 2020-07-26 13:36:36,394 basehttp 154 "GET /static/xadmin/vendor/bootstrap/js/bootstrap.js HTTP/1.1" 200 58327
INFO 2020-07-26 13:36:36,406 basehttp 154 "GET /xadmin/jsi18n/ HTTP/1.1" 200 7722
INFO 2020-07-26 13:36:36,406 basehttp 154 "GET /static/xadmin/js/xadmin.plugin.portal.js HTTP/1.1" 200 1000
INFO 2020-07-26 13:36:36,427 basehttp 154 "GET /static/xadmin/vendor/jquery-ui/jquery.ui.mouse.js HTTP/1.1" 200 4561
INFO 2020-07-26 13:36:36,434 basehttp 154 "GET /static/xadmin/vendor/jquery-ui/jquery.ui.widget.js HTTP/1.1" 200 15069
INFO 2020-07-26 13:36:36,436 basehttp 154 "GET /static/xadmin/vendor/jquery-ui/jquery.ui.sortable.js HTTP/1.1" 200 42543
INFO 2020-07-26 13:36:36,452 basehttp 154 "GET /static/xadmin/vendor/font-awesome/fonts/fontawesome-webfont.woff?v=4.0.3 HTTP/1.1" 200 44432
INFO 2020-07-26 13:36:46,562 basehttp 154 "GET /xadmin/home/banner/ HTTP/1.1" 200 23217
INFO 2020-07-26 13:36:46,594 basehttp 154 "GET /static/xadmin/js/xadmin.plugin.bookmark.js HTTP/1.1" 200 529
INFO 2020-07-26 13:36:46,615 basehttp 154 "GET /static/xadmin/css/xadmin.form.css HTTP/1.1" 200 3763
INFO 2020-07-26 13:36:46,616 basehttp 154 "GET /static/xadmin/js/xadmin.page.form.js HTTP/1.1" 200 1948
INFO 2020-07-26 13:36:46,618 basehttp 154 "GET /static/xadmin/js/xadmin.page.list.js HTTP/1.1" 200 1105
INFO 2020-07-26 13:36:46,618 basehttp 154 "GET /static/xadmin/js/xadmin.plugin.filters.js HTTP/1.1" 200 1990
INFO 2020-07-26 13:36:46,618 basehttp 154 "GET /static/xadmin/js/xadmin.plugin.actions.js HTTP/1.1" 200 4198
INFO 2020-07-26 13:36:46,619 basehttp 154 "GET /static/xadmin/js/xadmin.plugin.details.js HTTP/1.1" 200 2319
INFO 2020-07-26 13:36:46,623 basehttp 154 "GET /xadmin/jsi18n/ HTTP/1.1" 200 7722
INFO 2020-07-26 14:52:22,483 autoreload 584 Watching for file changes with StatReloader
INFO 2020-07-26 14:53:33,903 basehttp 154 "GET /home/banner/ HTTP/1.1" 200 289
INFO 2020-07-26 14:53:34,831 basehttp 154 "GET /media/banner/banner2.png HTTP/1.1" 304 0
INFO 2020-07-26 14:53:34,831 basehttp 154 "GET /media/banner/banner1.png HTTP/1.1" 304 0
INFO 2020-07-26 14:53:34,832 basehttp 154 "GET /media/banner/banner3.png HTTP/1.1" 304 0
INFO 2020-07-26 14:53:48,800 basehttp 154 "GET /home/banner/ HTTP/1.1" 200 289
INFO 2020-07-26 14:53:57,391 basehttp 154 "GET /home/banner/ HTTP/1.1" 200 289
INFO 2020-07-26 14:53:57,453 basehttp 154 "GET /media/banner/banner1.png HTTP/1.1" 200 115271
INFO 2020-07-26 14:53:57,456 basehttp 154 "GET /media/banner/banner3.png HTTP/1.1" 200 111031
INFO 2020-07-26 14:53:57,469 basehttp 154 "GET /media/banner/banner2.png HTTP/1.1" 200 772079
INFO 2020-07-26 14:54:20,349 basehttp 154 "GET /home/banner/ HTTP/1.1" 200 289
INFO 2020-07-26 14:56:09,220 autoreload 584 Watching for file changes with StatReloader
INFO 2020-07-26 14:56:13,446 basehttp 154 "GET /home/banner/ HTTP/1.1" 200 289
INFO 2020-07-26 14:56:13,486 basehttp 154 "GET /media/banner/banner1.png HTTP/1.1" 304 0
INFO 2020-07-26 14:56:13,486 basehttp 154 "GET /media/banner/banner3.png HTTP/1.1" 304 0
INFO 2020-07-26 14:56:13,487 basehttp 154 "GET /media/banner/banner2.png HTTP/1.1" 304 0
INFO 2020-07-26 14:56:21,347 basehttp 154 "GET /home/banner/ HTTP/1.1" 200 289
INFO 2020-07-26 14:56:43,131 autoreload 211 D:\cool\luffy\luffyapi\luffyapi\apps\home\views.py changed, reloading.
INFO 2020-07-26 14:56:44,743 autoreload 584 Watching for file changes with StatReloader
INFO 2020-07-26 14:57:20,614 basehttp 154 "GET /home/banner/ HTTP/1.1" 200 289
INFO 2020-07-26 14:57:20,697 basehttp 154 "GET /media/banner/banner3.png HTTP/1.1" 200 111031
INFO 2020-07-26 14:57:20,698 basehttp 154 "GET /media/banner/banner1.png HTTP/1.1" 200 115271
INFO 2020-07-26 14:57:20,725 basehttp 154 "GET /media/banner/banner2.png HTTP/1.1" 200 772079
